{"C:\\wamp\\www\\sizilionet\\swstarter\\api\\controllers\\searchController.ts": {"path":"C:\\wamp\\www\\sizilionet\\swstarter\\api\\controllers\\searchController.ts","statementMap":{"0":{"start":{"line":2,"column":0},"end":{"line":2,"column":52}},"1":{"start":{"line":3,"column":0},"end":{"line":3,"column":50}},"2":{"start":{"line":4,"column":0},"end":{"line":4,"column":44}},"3":{"start":{"line":5,"column":0},"end":{"line":5,"column":35}},"4":{"start":{"line":15,"column":22},"end":{"line":15,"column":32}},"5":{"start":{"line":16,"column":21},"end":{"line":16,"column":30}},"6":{"start":{"line":18,"column":4},"end":{"line":21,"column":5}},"7":{"start":{"line":19,"column":6},"end":{"line":19,"column":62}},"8":{"start":{"line":20,"column":6},"end":{"line":20,"column":13}},"9":{"start":{"line":23,"column":4},"end":{"line":49,"column":5}},"10":{"start":{"line":24,"column":19},"end":{"line":24,"column":66}},"11":{"start":{"line":25,"column":27},"end":{"line":25,"column":49}},"12":{"start":{"line":26,"column":20},"end":{"line":26,"column":38}},"13":{"start":{"line":28,"column":6},"end":{"line":31,"column":8}},"14":{"start":{"line":34,"column":6},"end":{"line":39,"column":9}},"15":{"start":{"line":41,"column":6},"end":{"line":46,"column":9}},"16":{"start":{"line":48,"column":6},"end":{"line":48,"column":18}},"17":{"start":{"line":58,"column":22},"end":{"line":58,"column":32}},"18":{"start":{"line":59,"column":22},"end":{"line":59,"column":31}},"19":{"start":{"line":61,"column":4},"end":{"line":64,"column":5}},"20":{"start":{"line":62,"column":6},"end":{"line":62,"column":63}},"21":{"start":{"line":63,"column":6},"end":{"line":63,"column":13}},"22":{"start":{"line":66,"column":4},"end":{"line":92,"column":5}},"23":{"start":{"line":67,"column":19},"end":{"line":67,"column":67}},"24":{"start":{"line":68,"column":27},"end":{"line":68,"column":49}},"25":{"start":{"line":69,"column":20},"end":{"line":69,"column":38}},"26":{"start":{"line":71,"column":6},"end":{"line":74,"column":8}},"27":{"start":{"line":77,"column":6},"end":{"line":82,"column":9}},"28":{"start":{"line":84,"column":6},"end":{"line":89,"column":9}},"29":{"start":{"line":91,"column":6},"end":{"line":91,"column":18}},"30":{"start":{"line":101,"column":19},"end":{"line":101,"column":29}},"31":{"start":{"line":103,"column":4},"end":{"line":106,"column":5}},"32":{"start":{"line":104,"column":6},"end":{"line":104,"column":60}},"33":{"start":{"line":105,"column":6},"end":{"line":105,"column":13}},"34":{"start":{"line":108,"column":4},"end":{"line":122,"column":5}},"35":{"start":{"line":109,"column":19},"end":{"line":109,"column":55}},"36":{"start":{"line":111,"column":6},"end":{"line":114,"column":8}},"37":{"start":{"line":116,"column":6},"end":{"line":119,"column":9}},"38":{"start":{"line":121,"column":6},"end":{"line":121,"column":18}},"39":{"start":{"line":131,"column":19},"end":{"line":131,"column":29}},"40":{"start":{"line":133,"column":4},"end":{"line":136,"column":5}},"41":{"start":{"line":134,"column":6},"end":{"line":134,"column":60}},"42":{"start":{"line":135,"column":6},"end":{"line":135,"column":13}},"43":{"start":{"line":138,"column":4},"end":{"line":152,"column":5}},"44":{"start":{"line":139,"column":19},"end":{"line":139,"column":54}},"45":{"start":{"line":141,"column":6},"end":{"line":144,"column":8}},"46":{"start":{"line":146,"column":6},"end":{"line":149,"column":9}},"47":{"start":{"line":151,"column":6},"end":{"line":151,"column":18}},"48":{"start":{"line":156,"column":0},"end":{"line":156,"column":32}}},"fnMap":{"0":{"name":"(anonymous_1)","decl":{"start":{"line":10,"column":2},"end":{"line":10,"column":8}},"loc":{"start":{"line":13,"column":22},"end":{"line":50,"column":3}}},"1":{"name":"(anonymous_2)","decl":{"start":{"line":53,"column":2},"end":{"line":53,"column":8}},"loc":{"start":{"line":56,"column":22},"end":{"line":93,"column":3}}},"2":{"name":"(anonymous_3)","decl":{"start":{"line":96,"column":2},"end":{"line":96,"column":8}},"loc":{"start":{"line":99,"column":22},"end":{"line":123,"column":3}}},"3":{"name":"(anonymous_4)","decl":{"start":{"line":126,"column":2},"end":{"line":126,"column":8}},"loc":{"start":{"line":129,"column":22},"end":{"line":153,"column":3}}}},"branchMap":{"0":{"loc":{"start":{"line":18,"column":4},"end":{"line":21,"column":5}},"type":"if","locations":[{"start":{"line":18,"column":4},"end":{"line":21,"column":5}},{"start":{},"end":{}}]},"1":{"loc":{"start":{"line":61,"column":4},"end":{"line":64,"column":5}},"type":"if","locations":[{"start":{"line":61,"column":4},"end":{"line":64,"column":5}},{"start":{},"end":{}}]},"2":{"loc":{"start":{"line":103,"column":4},"end":{"line":106,"column":5}},"type":"if","locations":[{"start":{"line":103,"column":4},"end":{"line":106,"column":5}},{"start":{},"end":{}}]},"3":{"loc":{"start":{"line":112,"column":26},"end":{"line":112,"column":71}},"type":"binary-expr","locations":[{"start":{"line":112,"column":26},"end":{"line":112,"column":66}},{"start":{"line":112,"column":70},"end":{"line":112,"column":71}}]},"4":{"loc":{"start":{"line":133,"column":4},"end":{"line":136,"column":5}},"type":"if","locations":[{"start":{"line":133,"column":4},"end":{"line":136,"column":5}},{"start":{},"end":{}}]},"5":{"loc":{"start":{"line":142,"column":31},"end":{"line":142,"column":81}},"type":"binary-expr","locations":[{"start":{"line":142,"column":31},"end":{"line":142,"column":76}},{"start":{"line":142,"column":80},"end":{"line":142,"column":81}}]}},"s":{"0":3,"1":3,"2":3,"3":3,"4":8,"5":8,"6":8,"7":2,"8":2,"9":6,"10":6,"11":4,"12":4,"13":4,"14":4,"15":4,"16":2,"17":6,"18":6,"19":6,"20":2,"21":2,"22":4,"23":4,"24":3,"25":3,"26":3,"27":3,"28":3,"29":1,"30":5,"31":5,"32":1,"33":1,"34":4,"35":4,"36":2,"37":2,"38":2,"39":5,"40":5,"41":1,"42":1,"43":4,"44":4,"45":2,"46":2,"47":2,"48":3},"f":{"0":8,"1":6,"2":5,"3":5},"b":{"0":[2,6],"1":[2,4],"2":[1,4],"3":[2,0],"4":[1,4],"5":[2,0]}}
,"C:\\wamp\\www\\sizilionet\\swstarter\\api\\controllers\\statisticsController.ts": {"path":"C:\\wamp\\www\\sizilionet\\swstarter\\api\\controllers\\statisticsController.ts","statementMap":{"0":{"start":{"line":2,"column":0},"end":{"line":2,"column":54}},"1":{"start":{"line":12,"column":4},"end":{"line":42,"column":5}},"2":{"start":{"line":13,"column":20},"end":{"line":13,"column":57}},"3":{"start":{"line":15,"column":6},"end":{"line":27,"column":7}},"4":{"start":{"line":16,"column":8},"end":{"line":25,"column":11}},"5":{"start":{"line":26,"column":8},"end":{"line":26,"column":15}},"6":{"start":{"line":30,"column":6},"end":{"line":39,"column":9}},"7":{"start":{"line":41,"column":6},"end":{"line":41,"column":18}},"8":{"start":{"line":46,"column":0},"end":{"line":46,"column":36}}},"fnMap":{"0":{"name":"(anonymous_0)","decl":{"start":{"line":7,"column":2},"end":{"line":7,"column":8}},"loc":{"start":{"line":10,"column":22},"end":{"line":43,"column":3}}}},"branchMap":{"0":{"loc":{"start":{"line":15,"column":6},"end":{"line":27,"column":7}},"type":"if","locations":[{"start":{"line":15,"column":6},"end":{"line":27,"column":7}},{"start":{},"end":{}}]}},"s":{"0":3,"1":6,"2":6,"3":4,"4":2,"5":2,"6":2,"7":2,"8":3},"f":{"0":6},"b":{"0":[2,2]}}
,"C:\\wamp\\www\\sizilionet\\swstarter\\api\\errors\\AppError.ts": {"path":"C:\\wamp\\www\\sizilionet\\swstarter\\api\\errors\\AppError.ts","statementMap":{"0":{"start":{"line":7,"column":4},"end":{"line":7,"column":19}},"1":{"start":{"line":4,"column":11},"end":{"line":4,"column":41}},"2":{"start":{"line":8,"column":4},"end":{"line":8,"column":54}},"3":{"start":{"line":9,"column":4},"end":{"line":9,"column":52}},"4":{"start":{"line":13,"column":4},"end":{"line":16,"column":6}},"5":{"start":{"line":1,"column":0},"end":{"line":1,"column":22}}},"fnMap":{"0":{"name":"(anonymous_0)","decl":{"start":{"line":6,"column":2},"end":{"line":6,"column":14}},"loc":{"start":{"line":6,"column":29},"end":{"line":10,"column":3}}},"1":{"name":"(anonymous_1)","decl":{"start":{"line":12,"column":2},"end":{"line":12,"column":8}},"loc":{"start":{"line":12,"column":8},"end":{"line":17,"column":3}}}},"branchMap":{},"s":{"0":50,"1":50,"2":50,"3":50,"4":12,"5":6},"f":{"0":50,"1":12},"b":{}}
,"C:\\wamp\\www\\sizilionet\\swstarter\\api\\errors\\ExternalApiError.ts": {"path":"C:\\wamp\\www\\sizilionet\\swstarter\\api\\errors\\ExternalApiError.ts","statementMap":{"0":{"start":{"line":1,"column":0},"end":{"line":1,"column":38}},"1":{"start":{"line":8,"column":4},"end":{"line":10,"column":6}},"2":{"start":{"line":4,"column":11},"end":{"line":4,"column":28}},"3":{"start":{"line":5,"column":11},"end":{"line":5,"column":39}},"4":{"start":{"line":3,"column":0},"end":{"line":3,"column":13}}},"fnMap":{"0":{"name":"(anonymous_0)","decl":{"start":{"line":7,"column":2},"end":{"line":7,"column":14}},"loc":{"start":{"line":7,"column":55},"end":{"line":11,"column":3}}}},"branchMap":{"0":{"loc":{"start":{"line":9,"column":46},"end":{"line":9,"column":91}},"type":"cond-expr","locations":[{"start":{"line":9,"column":64},"end":{"line":9,"column":86}},{"start":{"line":9,"column":89},"end":{"line":9,"column":91}}]}},"s":{"0":6,"1":20,"2":20,"3":20,"4":6},"f":{"0":20},"b":{"0":[15,5]}}
,"C:\\wamp\\www\\sizilionet\\swstarter\\api\\errors\\NotFoundError.ts": {"path":"C:\\wamp\\www\\sizilionet\\swstarter\\api\\errors\\NotFoundError.ts","statementMap":{"0":{"start":{"line":1,"column":0},"end":{"line":1,"column":38}},"1":{"start":{"line":8,"column":4},"end":{"line":8,"column":80}},"2":{"start":{"line":4,"column":11},"end":{"line":4,"column":28}},"3":{"start":{"line":5,"column":11},"end":{"line":5,"column":30}},"4":{"start":{"line":3,"column":0},"end":{"line":3,"column":13}}},"fnMap":{"0":{"name":"(anonymous_0)","decl":{"start":{"line":7,"column":2},"end":{"line":7,"column":14}},"loc":{"start":{"line":7,"column":52},"end":{"line":9,"column":3}}}},"branchMap":{"0":{"loc":{"start":{"line":8,"column":10},"end":{"line":8,"column":78}},"type":"cond-expr","locations":[{"start":{"line":8,"column":15},"end":{"line":8,"column":52}},{"start":{"line":8,"column":55},"end":{"line":8,"column":78}}]}},"s":{"0":6,"1":9,"2":9,"3":9,"4":6},"f":{"0":9},"b":{"0":[4,5]}}
,"C:\\wamp\\www\\sizilionet\\swstarter\\api\\errors\\ValidationError.ts": {"path":"C:\\wamp\\www\\sizilionet\\swstarter\\api\\errors\\ValidationError.ts","statementMap":{"0":{"start":{"line":1,"column":0},"end":{"line":1,"column":38}},"1":{"start":{"line":8,"column":4},"end":{"line":8,"column":19}},"2":{"start":{"line":4,"column":11},"end":{"line":4,"column":28}},"3":{"start":{"line":5,"column":11},"end":{"line":5,"column":37}},"4":{"start":{"line":3,"column":0},"end":{"line":3,"column":13}}},"fnMap":{"0":{"name":"(anonymous_0)","decl":{"start":{"line":7,"column":2},"end":{"line":7,"column":14}},"loc":{"start":{"line":7,"column":29},"end":{"line":9,"column":3}}}},"branchMap":{},"s":{"0":6,"1":21,"2":21,"3":21,"4":6},"f":{"0":21},"b":{}}
,"C:\\wamp\\www\\sizilionet\\swstarter\\api\\middlewares\\errorHandler.ts": {"path":"C:\\wamp\\www\\sizilionet\\swstarter\\api\\middlewares\\errorHandler.ts","statementMap":{"0":{"start":{"line":5,"column":0},"end":{"line":5,"column":16}},"1":{"start":{"line":2,"column":0},"end":{"line":2,"column":37}},"2":{"start":{"line":3,"column":0},"end":{"line":3,"column":35}},"3":{"start":{"line":12,"column":2},"end":{"line":32,"column":3}},"4":{"start":{"line":13,"column":4},"end":{"line":21,"column":6}},"5":{"start":{"line":23,"column":4},"end":{"line":31,"column":6}},"6":{"start":{"line":35,"column":2},"end":{"line":38,"column":3}},"7":{"start":{"line":36,"column":4},"end":{"line":36,"column":50}},"8":{"start":{"line":37,"column":4},"end":{"line":37,"column":11}},"9":{"start":{"line":41,"column":2},"end":{"line":44,"column":5}}},"fnMap":{"0":{"name":"errorHandler","decl":{"start":{"line":5,"column":16},"end":{"line":5,"column":28}},"loc":{"start":{"line":9,"column":20},"end":{"line":45,"column":1}}}},"branchMap":{"0":{"loc":{"start":{"line":12,"column":2},"end":{"line":32,"column":3}},"type":"if","locations":[{"start":{"line":12,"column":2},"end":{"line":32,"column":3}},{"start":{"line":22,"column":9},"end":{"line":32,"column":3}}]},"1":{"loc":{"start":{"line":35,"column":2},"end":{"line":38,"column":3}},"type":"if","locations":[{"start":{"line":35,"column":2},"end":{"line":38,"column":3}},{"start":{},"end":{}}]}},"s":{"0":3,"1":3,"2":3,"3":13,"4":9,"5":4,"6":13,"7":9,"8":9,"9":4},"f":{"0":13},"b":{"0":[9,4],"1":[9,4]}}
,"C:\\wamp\\www\\sizilionet\\swstarter\\api\\providers\\cache.provider.ts": {"path":"C:\\wamp\\www\\sizilionet\\swstarter\\api\\providers\\cache.provider.ts","statementMap":{"0":{"start":{"line":1,"column":0},"end":{"line":1,"column":39}},"1":{"start":{"line":2,"column":0},"end":{"line":2,"column":35}},"2":{"start":{"line":5,"column":13},"end":{"line":10,"column":2}},"3":{"start":{"line":13,"column":13},"end":{"line":18,"column":2}},"4":{"start":{"line":14,"column":34},"end":{"line":14,"column":77}},"5":{"start":{"line":15,"column":34},"end":{"line":15,"column":77}},"6":{"start":{"line":16,"column":32},"end":{"line":16,"column":59}},"7":{"start":{"line":17,"column":32},"end":{"line":17,"column":59}},"8":{"start":{"line":21,"column":21},"end":{"line":23,"column":1}},"9":{"start":{"line":22,"column":2},"end":{"line":22,"column":29}},"10":{"start":{"line":25,"column":13},"end":{"line":81,"column":2}},"11":{"start":{"line":27,"column":4},"end":{"line":30,"column":5}},"12":{"start":{"line":28,"column":6},"end":{"line":28,"column":67}},"13":{"start":{"line":29,"column":6},"end":{"line":29,"column":18}},"14":{"start":{"line":32,"column":4},"end":{"line":38,"column":5}},"15":{"start":{"line":33,"column":19},"end":{"line":33,"column":45}},"16":{"start":{"line":34,"column":6},"end":{"line":34,"column":44}},"17":{"start":{"line":36,"column":6},"end":{"line":36,"column":69}},"18":{"start":{"line":37,"column":6},"end":{"line":37,"column":18}},"19":{"start":{"line":42,"column":4},"end":{"line":45,"column":5}},"20":{"start":{"line":43,"column":6},"end":{"line":43,"column":67}},"21":{"start":{"line":44,"column":6},"end":{"line":44,"column":13}},"22":{"start":{"line":47,"column":4},"end":{"line":51,"column":5}},"23":{"start":{"line":48,"column":6},"end":{"line":48,"column":70}},"24":{"start":{"line":50,"column":6},"end":{"line":50,"column":69}},"25":{"start":{"line":55,"column":4},"end":{"line":58,"column":5}},"26":{"start":{"line":56,"column":6},"end":{"line":56,"column":67}},"27":{"start":{"line":57,"column":6},"end":{"line":57,"column":13}},"28":{"start":{"line":60,"column":4},"end":{"line":64,"column":5}},"29":{"start":{"line":61,"column":6},"end":{"line":61,"column":33}},"30":{"start":{"line":63,"column":6},"end":{"line":63,"column":69}},"31":{"start":{"line":68,"column":4},"end":{"line":71,"column":5}},"32":{"start":{"line":69,"column":6},"end":{"line":69,"column":70}},"33":{"start":{"line":70,"column":6},"end":{"line":70,"column":19}},"34":{"start":{"line":73,"column":4},"end":{"line":79,"column":5}},"35":{"start":{"line":74,"column":21},"end":{"line":74,"column":50}},"36":{"start":{"line":75,"column":6},"end":{"line":75,"column":26}},"37":{"start":{"line":77,"column":6},"end":{"line":77,"column":72}},"38":{"start":{"line":78,"column":6},"end":{"line":78,"column":19}}},"fnMap":{"0":{"name":"(anonymous_1)","decl":{"start":{"line":14,"column":16},"end":{"line":14,"column":17}},"loc":{"start":{"line":14,"column":34},"end":{"line":14,"column":77}}},"1":{"name":"(anonymous_2)","decl":{"start":{"line":15,"column":16},"end":{"line":15,"column":17}},"loc":{"start":{"line":15,"column":34},"end":{"line":15,"column":77}}},"2":{"name":"(anonymous_3)","decl":{"start":{"line":16,"column":16},"end":{"line":16,"column":17}},"loc":{"start":{"line":16,"column":32},"end":{"line":16,"column":59}}},"3":{"name":"(anonymous_4)","decl":{"start":{"line":17,"column":16},"end":{"line":17,"column":17}},"loc":{"start":{"line":17,"column":32},"end":{"line":17,"column":59}}},"4":{"name":"(anonymous_5)","decl":{"start":{"line":21,"column":21},"end":{"line":21,"column":33}},"loc":{"start":{"line":21,"column":35},"end":{"line":23,"column":1}}},"5":{"name":"(anonymous_6)","decl":{"start":{"line":26,"column":2},"end":{"line":26,"column":7}},"loc":{"start":{"line":26,"column":26},"end":{"line":39,"column":3}}},"6":{"name":"(anonymous_7)","decl":{"start":{"line":41,"column":2},"end":{"line":41,"column":7}},"loc":{"start":{"line":41,"column":56},"end":{"line":52,"column":3}}},"7":{"name":"(anonymous_8)","decl":{"start":{"line":54,"column":2},"end":{"line":54,"column":7}},"loc":{"start":{"line":54,"column":23},"end":{"line":65,"column":3}}},"8":{"name":"(anonymous_9)","decl":{"start":{"line":67,"column":2},"end":{"line":67,"column":7}},"loc":{"start":{"line":67,"column":26},"end":{"line":80,"column":3}}}},"branchMap":{"0":{"loc":{"start":{"line":27,"column":4},"end":{"line":30,"column":5}},"type":"if","locations":[{"start":{"line":27,"column":4},"end":{"line":30,"column":5}},{"start":{},"end":{}}]},"1":{"loc":{"start":{"line":34,"column":13},"end":{"line":34,"column":43}},"type":"cond-expr","locations":[{"start":{"line":34,"column":20},"end":{"line":34,"column":36}},{"start":{"line":34,"column":39},"end":{"line":34,"column":43}}]},"2":{"loc":{"start":{"line":42,"column":4},"end":{"line":45,"column":5}},"type":"if","locations":[{"start":{"line":42,"column":4},"end":{"line":45,"column":5}},{"start":{},"end":{}}]},"3":{"loc":{"start":{"line":55,"column":4},"end":{"line":58,"column":5}},"type":"if","locations":[{"start":{"line":55,"column":4},"end":{"line":58,"column":5}},{"start":{},"end":{}}]},"4":{"loc":{"start":{"line":68,"column":4},"end":{"line":71,"column":5}},"type":"if","locations":[{"start":{"line":68,"column":4},"end":{"line":71,"column":5}},{"start":{},"end":{}}]}},"s":{"0":5,"1":5,"2":5,"3":5,"4":13,"5":9,"6":9,"7":9,"8":5,"9":63,"10":5,"11":38,"12":0,"13":0,"14":38,"15":38,"16":37,"17":1,"18":1,"19":20,"20":0,"21":0,"22":20,"23":20,"24":1,"25":2,"26":0,"27":0,"28":2,"29":2,"30":1,"31":3,"32":0,"33":0,"34":3,"35":3,"36":2,"37":1,"38":1},"f":{"0":13,"1":9,"2":9,"3":9,"4":63,"5":38,"6":20,"7":2,"8":3},"b":{"0":[0,38],"1":[6,31],"2":[0,20],"3":[0,2],"4":[0,3]}}
,"C:\\wamp\\www\\sizilionet\\swstarter\\api\\repositories\\queryRepository.ts": {"path":"C:\\wamp\\www\\sizilionet\\swstarter\\api\\repositories\\queryRepository.ts","statementMap":{"0":{"start":{"line":1,"column":0},"end":{"line":1,"column":35}},"1":{"start":{"line":4,"column":13},"end":{"line":38,"column":2}},"2":{"start":{"line":11,"column":4},"end":{"line":11,"column":41}},"3":{"start":{"line":15,"column":4},"end":{"line":17,"column":7}},"4":{"start":{"line":21,"column":4},"end":{"line":25,"column":7}},"5":{"start":{"line":29,"column":4},"end":{"line":29,"column":32}},"6":{"start":{"line":33,"column":19},"end":{"line":35,"column":6}},"7":{"start":{"line":36,"column":4},"end":{"line":36,"column":43}}},"fnMap":{"0":{"name":"(anonymous_1)","decl":{"start":{"line":5,"column":2},"end":{"line":5,"column":7}},"loc":{"start":{"line":10,"column":3},"end":{"line":12,"column":3}}},"1":{"name":"(anonymous_2)","decl":{"start":{"line":14,"column":2},"end":{"line":14,"column":7}},"loc":{"start":{"line":14,"column":15},"end":{"line":18,"column":3}}},"2":{"name":"(anonymous_3)","decl":{"start":{"line":20,"column":2},"end":{"line":20,"column":7}},"loc":{"start":{"line":20,"column":54},"end":{"line":26,"column":3}}},"3":{"name":"(anonymous_4)","decl":{"start":{"line":28,"column":2},"end":{"line":28,"column":7}},"loc":{"start":{"line":28,"column":13},"end":{"line":30,"column":3}}},"4":{"name":"(anonymous_5)","decl":{"start":{"line":32,"column":2},"end":{"line":32,"column":7}},"loc":{"start":{"line":32,"column":30},"end":{"line":37,"column":3}}}},"branchMap":{"0":{"loc":{"start":{"line":36,"column":11},"end":{"line":36,"column":42}},"type":"binary-expr","locations":[{"start":{"line":36,"column":11},"end":{"line":36,"column":37}},{"start":{"line":36,"column":41},"end":{"line":36,"column":42}}]}},"s":{"0":5,"1":5,"2":8,"3":2,"4":1,"5":1,"6":2,"7":2},"f":{"0":8,"1":2,"2":1,"3":1,"4":2},"b":{"0":[2,1]}}
,"C:\\wamp\\www\\sizilionet\\swstarter\\api\\repositories\\statisticRepository.ts": {"path":"C:\\wamp\\www\\sizilionet\\swstarter\\api\\repositories\\statisticRepository.ts","statementMap":{"0":{"start":{"line":1,"column":0},"end":{"line":1,"column":35}},"1":{"start":{"line":2,"column":0},"end":{"line":2,"column":51}},"2":{"start":{"line":5,"column":13},"end":{"line":43,"column":2}},"3":{"start":{"line":12,"column":4},"end":{"line":19,"column":7}},"4":{"start":{"line":23,"column":4},"end":{"line":25,"column":7}},"5":{"start":{"line":29,"column":22},"end":{"line":33,"column":6}},"6":{"start":{"line":35,"column":22},"end":{"line":35,"column":48}},"7":{"start":{"line":35,"column":43},"end":{"line":35,"column":47}},"8":{"start":{"line":37,"column":4},"end":{"line":41,"column":5}},"9":{"start":{"line":38,"column":6},"end":{"line":40,"column":9}}},"fnMap":{"0":{"name":"(anonymous_1)","decl":{"start":{"line":6,"column":2},"end":{"line":6,"column":7}},"loc":{"start":{"line":11,"column":3},"end":{"line":20,"column":3}}},"1":{"name":"(anonymous_2)","decl":{"start":{"line":22,"column":2},"end":{"line":22,"column":7}},"loc":{"start":{"line":22,"column":17},"end":{"line":26,"column":3}}},"2":{"name":"(anonymous_3)","decl":{"start":{"line":28,"column":2},"end":{"line":28,"column":7}},"loc":{"start":{"line":28,"column":39},"end":{"line":42,"column":3}}},"3":{"name":"(anonymous_4)","decl":{"start":{"line":35,"column":36},"end":{"line":35,"column":37}},"loc":{"start":{"line":35,"column":43},"end":{"line":35,"column":47}}}},"branchMap":{"0":{"loc":{"start":{"line":28,"column":17},"end":{"line":28,"column":39}},"type":"default-arg","locations":[{"start":{"line":28,"column":37},"end":{"line":28,"column":39}}]},"1":{"loc":{"start":{"line":37,"column":4},"end":{"line":41,"column":5}},"type":"if","locations":[{"start":{"line":37,"column":4},"end":{"line":41,"column":5}},{"start":{},"end":{}}]}},"s":{"0":5,"1":5,"2":5,"3":1,"4":8,"5":3,"6":3,"7":13,"8":3,"9":2},"f":{"0":1,"1":8,"2":3,"3":13},"b":{"0":[1],"1":[2,1]}}
,"C:\\wamp\\www\\sizilionet\\swstarter\\api\\services\\statisticsService.ts": {"path":"C:\\wamp\\www\\sizilionet\\swstarter\\api\\services\\statisticsService.ts","statementMap":{"0":{"start":{"line":1,"column":0},"end":{"line":1,"column":35}},"1":{"start":{"line":2,"column":0},"end":{"line":2,"column":54}},"2":{"start":{"line":5,"column":0},"end":{"line":5,"column":35}},"3":{"start":{"line":21,"column":4},"end":{"line":41,"column":5}},"4":{"start":{"line":22,"column":22},"end":{"line":31,"column":8}},"5":{"start":{"line":33,"column":6},"end":{"line":37,"column":10}},"6":{"start":{"line":33,"column":35},"end":{"line":37,"column":8}},"7":{"start":{"line":39,"column":6},"end":{"line":39,"column":76}},"8":{"start":{"line":40,"column":6},"end":{"line":40,"column":16}},"9":{"start":{"line":46,"column":4},"end":{"line":55,"column":5}},"10":{"start":{"line":47,"column":21},"end":{"line":49,"column":8}},"11":{"start":{"line":50,"column":18},"end":{"line":50,"column":49}},"12":{"start":{"line":51,"column":6},"end":{"line":51,"column":41}},"13":{"start":{"line":53,"column":6},"end":{"line":53,"column":86}},"14":{"start":{"line":54,"column":6},"end":{"line":54,"column":15}},"15":{"start":{"line":60,"column":4},"end":{"line":75,"column":5}},"16":{"start":{"line":61,"column":22},"end":{"line":69,"column":8}},"17":{"start":{"line":71,"column":6},"end":{"line":71,"column":35}},"18":{"start":{"line":73,"column":6},"end":{"line":73,"column":82}},"19":{"start":{"line":74,"column":6},"end":{"line":74,"column":15}},"20":{"start":{"line":80,"column":4},"end":{"line":85,"column":5}},"21":{"start":{"line":81,"column":6},"end":{"line":81,"column":40}},"22":{"start":{"line":83,"column":6},"end":{"line":83,"column":76}},"23":{"start":{"line":84,"column":6},"end":{"line":84,"column":15}},"24":{"start":{"line":90,"column":4},"end":{"line":119,"column":5}},"25":{"start":{"line":92,"column":8},"end":{"line":97,"column":10}},"26":{"start":{"line":100,"column":6},"end":{"line":105,"column":9}},"27":{"start":{"line":108,"column":6},"end":{"line":108,"column":43}},"28":{"start":{"line":110,"column":6},"end":{"line":115,"column":8}},"29":{"start":{"line":117,"column":6},"end":{"line":117,"column":86}},"30":{"start":{"line":118,"column":6},"end":{"line":118,"column":18}},"31":{"start":{"line":123,"column":0},"end":{"line":123,"column":33}}},"fnMap":{"0":{"name":"(anonymous_1)","decl":{"start":{"line":20,"column":2},"end":{"line":20,"column":8}},"loc":{"start":{"line":20,"column":32},"end":{"line":42,"column":3}}},"1":{"name":"(anonymous_2)","decl":{"start":{"line":33,"column":25},"end":{"line":33,"column":26}},"loc":{"start":{"line":33,"column":35},"end":{"line":37,"column":8}}},"2":{"name":"(anonymous_3)","decl":{"start":{"line":45,"column":2},"end":{"line":45,"column":8}},"loc":{"start":{"line":45,"column":37},"end":{"line":56,"column":3}}},"3":{"name":"(anonymous_4)","decl":{"start":{"line":59,"column":2},"end":{"line":59,"column":8}},"loc":{"start":{"line":59,"column":37},"end":{"line":76,"column":3}}},"4":{"name":"(anonymous_5)","decl":{"start":{"line":79,"column":2},"end":{"line":79,"column":8}},"loc":{"start":{"line":79,"column":30},"end":{"line":86,"column":3}}},"5":{"name":"(anonymous_6)","decl":{"start":{"line":89,"column":2},"end":{"line":89,"column":8}},"loc":{"start":{"line":89,"column":29},"end":{"line":120,"column":3}}}},"branchMap":{"0":{"loc":{"start":{"line":36,"column":20},"end":{"line":36,"column":53}},"type":"binary-expr","locations":[{"start":{"line":36,"column":20},"end":{"line":36,"column":46}},{"start":{"line":36,"column":50},"end":{"line":36,"column":53}}]},"1":{"loc":{"start":{"line":50,"column":18},"end":{"line":50,"column":49}},"type":"binary-expr","locations":[{"start":{"line":50,"column":18},"end":{"line":50,"column":44}},{"start":{"line":50,"column":48},"end":{"line":50,"column":49}}]},"2":{"loc":{"start":{"line":71,"column":13},"end":{"line":71,"column":34}},"type":"binary-expr","locations":[{"start":{"line":71,"column":13},"end":{"line":71,"column":29}},{"start":{"line":71,"column":33},"end":{"line":71,"column":34}}]}},"s":{"0":1,"1":1,"2":1,"3":5,"4":5,"5":4,"6":5,"7":1,"8":1,"9":5,"10":5,"11":4,"12":4,"13":1,"14":1,"15":5,"16":5,"17":4,"18":1,"19":1,"20":4,"21":4,"22":1,"23":1,"24":2,"25":2,"26":2,"27":1,"28":1,"29":1,"30":1,"31":1},"f":{"0":5,"1":5,"2":5,"3":5,"4":4,"5":2},"b":{"0":[5,1],"1":[4,1],"2":[4,1]}}
,"C:\\wamp\\www\\sizilionet\\swstarter\\api\\services\\swapiService.ts": {"path":"C:\\wamp\\www\\sizilionet\\swstarter\\api\\services\\swapiService.ts","statementMap":{"0":{"start":{"line":1,"column":0},"end":{"line":1,"column":45}},"1":{"start":{"line":10,"column":0},"end":{"line":10,"column":null}},"2":{"start":{"line":15,"column":0},"end":{"line":15,"column":62}},"3":{"start":{"line":16,"column":0},"end":{"line":16,"column":35}},"4":{"start":{"line":18,"column":23},"end":{"line":18,"column":47}},"5":{"start":{"line":19,"column":28},"end":{"line":19,"column":31}},"6":{"start":{"line":22,"column":14},"end":{"line":22,"column":79}},"7":{"start":{"line":22,"column":30},"end":{"line":22,"column":79}},"8":{"start":{"line":22,"column":55},"end":{"line":22,"column":78}},"9":{"start":{"line":25,"column":23},"end":{"line":46,"column":1}},"10":{"start":{"line":29,"column":2},"end":{"line":44,"column":3}},"11":{"start":{"line":29,"column":21},"end":{"line":29,"column":22}},"12":{"start":{"line":30,"column":4},"end":{"line":43,"column":5}},"13":{"start":{"line":31,"column":23},"end":{"line":31,"column":66}},"14":{"start":{"line":32,"column":6},"end":{"line":32,"column":27}},"15":{"start":{"line":34,"column":6},"end":{"line":40,"column":7}},"16":{"start":{"line":36,"column":25},"end":{"line":36,"column":60}},"17":{"start":{"line":37,"column":8},"end":{"line":37,"column":78}},"18":{"start":{"line":38,"column":8},"end":{"line":38,"column":30}},"19":{"start":{"line":39,"column":8},"end":{"line":39,"column":17}},"20":{"start":{"line":41,"column":6},"end":{"line":41,"column":77}},"21":{"start":{"line":42,"column":6},"end":{"line":42,"column":18}},"22":{"start":{"line":45,"column":2},"end":{"line":45,"column":14}},"23":{"start":{"line":53,"column":21},"end":{"line":53,"column":50}},"24":{"start":{"line":57,"column":6},"end":{"line":57,"column":73}},"25":{"start":{"line":58,"column":4},"end":{"line":61,"column":5}},"26":{"start":{"line":59,"column":6},"end":{"line":59,"column":46}},"27":{"start":{"line":60,"column":6},"end":{"line":60,"column":20}},"28":{"start":{"line":63,"column":4},"end":{"line":63,"column":45}},"29":{"start":{"line":65,"column":4},"end":{"line":78,"column":5}},"30":{"start":{"line":67,"column":8},"end":{"line":69,"column":10}},"31":{"start":{"line":72,"column":6},"end":{"line":72,"column":80}},"32":{"start":{"line":74,"column":6},"end":{"line":74,"column":27}},"33":{"start":{"line":76,"column":6},"end":{"line":76,"column":81}},"34":{"start":{"line":77,"column":6},"end":{"line":77,"column":57}},"35":{"start":{"line":85,"column":21},"end":{"line":85,"column":51}},"36":{"start":{"line":89,"column":6},"end":{"line":89,"column":71}},"37":{"start":{"line":90,"column":4},"end":{"line":93,"column":5}},"38":{"start":{"line":91,"column":6},"end":{"line":91,"column":46}},"39":{"start":{"line":92,"column":6},"end":{"line":92,"column":20}},"40":{"start":{"line":95,"column":4},"end":{"line":95,"column":45}},"41":{"start":{"line":97,"column":4},"end":{"line":110,"column":5}},"42":{"start":{"line":99,"column":8},"end":{"line":101,"column":10}},"43":{"start":{"line":104,"column":6},"end":{"line":104,"column":80}},"44":{"start":{"line":106,"column":6},"end":{"line":106,"column":27}},"45":{"start":{"line":108,"column":6},"end":{"line":108,"column":81}},"46":{"start":{"line":109,"column":6},"end":{"line":109,"column":57}},"47":{"start":{"line":117,"column":4},"end":{"line":119,"column":5}},"48":{"start":{"line":118,"column":6},"end":{"line":118,"column":53}},"49":{"start":{"line":121,"column":21},"end":{"line":121,"column":56}},"50":{"start":{"line":125,"column":6},"end":{"line":125,"column":82}},"51":{"start":{"line":126,"column":4},"end":{"line":129,"column":5}},"52":{"start":{"line":127,"column":6},"end":{"line":127,"column":46}},"53":{"start":{"line":128,"column":6},"end":{"line":128,"column":20}},"54":{"start":{"line":131,"column":4},"end":{"line":131,"column":45}},"55":{"start":{"line":133,"column":4},"end":{"line":182,"column":5}},"56":{"start":{"line":135,"column":8},"end":{"line":135,"column":77}},"57":{"start":{"line":137,"column":21},"end":{"line":137,"column":58}},"58":{"start":{"line":140,"column":37},"end":{"line":140,"column":39}},"59":{"start":{"line":141,"column":6},"end":{"line":160,"column":7}},"60":{"start":{"line":142,"column":29},"end":{"line":147,"column":null}},"61":{"start":{"line":144,"column":12},"end":{"line":146,"column":14}},"62":{"start":{"line":150,"column":8},"end":{"line":159,"column":11}},"63":{"start":{"line":151,"column":10},"end":{"line":158,"column":11}},"64":{"start":{"line":152,"column":12},"end":{"line":152,"column":64}},"65":{"start":{"line":154,"column":12},"end":{"line":157,"column":14}},"66":{"start":{"line":163,"column":66},"end":{"line":173,"column":8}},"67":{"start":{"line":176,"column":6},"end":{"line":176,"column":75}},"68":{"start":{"line":178,"column":6},"end":{"line":178,"column":22}},"69":{"start":{"line":180,"column":6},"end":{"line":180,"column":85}},"70":{"start":{"line":181,"column":6},"end":{"line":181,"column":57}},"71":{"start":{"line":189,"column":4},"end":{"line":191,"column":5}},"72":{"start":{"line":190,"column":6},"end":{"line":190,"column":52}},"73":{"start":{"line":193,"column":21},"end":{"line":193,"column":56}},"74":{"start":{"line":197,"column":6},"end":{"line":197,"column":85}},"75":{"start":{"line":198,"column":4},"end":{"line":201,"column":5}},"76":{"start":{"line":199,"column":6},"end":{"line":199,"column":46}},"77":{"start":{"line":200,"column":6},"end":{"line":200,"column":20}},"78":{"start":{"line":203,"column":4},"end":{"line":203,"column":45}},"79":{"start":{"line":205,"column":4},"end":{"line":254,"column":5}},"80":{"start":{"line":207,"column":8},"end":{"line":207,"column":76}},"81":{"start":{"line":209,"column":20},"end":{"line":209,"column":56}},"82":{"start":{"line":212,"column":44},"end":{"line":212,"column":46}},"83":{"start":{"line":213,"column":6},"end":{"line":232,"column":7}},"84":{"start":{"line":214,"column":34},"end":{"line":219,"column":null}},"85":{"start":{"line":216,"column":12},"end":{"line":218,"column":14}},"86":{"start":{"line":222,"column":8},"end":{"line":231,"column":11}},"87":{"start":{"line":223,"column":10},"end":{"line":230,"column":11}},"88":{"start":{"line":224,"column":12},"end":{"line":224,"column":69}},"89":{"start":{"line":226,"column":12},"end":{"line":229,"column":14}},"90":{"start":{"line":235,"column":69},"end":{"line":245,"column":8}},"91":{"start":{"line":248,"column":6},"end":{"line":248,"column":75}},"92":{"start":{"line":250,"column":6},"end":{"line":250,"column":22}},"93":{"start":{"line":252,"column":6},"end":{"line":252,"column":84}},"94":{"start":{"line":253,"column":6},"end":{"line":253,"column":57}},"95":{"start":{"line":258,"column":0},"end":{"line":258,"column":28}}},"fnMap":{"0":{"name":"(anonymous_1)","decl":{"start":{"line":22,"column":14},"end":{"line":22,"column":15}},"loc":{"start":{"line":22,"column":30},"end":{"line":22,"column":79}}},"1":{"name":"(anonymous_2)","decl":{"start":{"line":22,"column":42},"end":{"line":22,"column":43}},"loc":{"start":{"line":22,"column":55},"end":{"line":22,"column":78}}},"2":{"name":"(anonymous_3)","decl":{"start":{"line":25,"column":23},"end":{"line":25,"column":28}},"loc":{"start":{"line":28,"column":23},"end":{"line":46,"column":1}}},"3":{"name":"(anonymous_4)","decl":{"start":{"line":50,"column":2},"end":{"line":50,"column":8}},"loc":{"start":{"line":51,"column":16},"end":{"line":79,"column":3}}},"4":{"name":"(anonymous_5)","decl":{"start":{"line":82,"column":2},"end":{"line":82,"column":8}},"loc":{"start":{"line":83,"column":17},"end":{"line":111,"column":3}}},"5":{"name":"(anonymous_6)","decl":{"start":{"line":114,"column":2},"end":{"line":114,"column":8}},"loc":{"start":{"line":115,"column":23},"end":{"line":183,"column":3}}},"6":{"name":"(anonymous_7)","decl":{"start":{"line":143,"column":27},"end":{"line":143,"column":28}},"loc":{"start":{"line":144,"column":12},"end":{"line":146,"column":14}}},"7":{"name":"(anonymous_8)","decl":{"start":{"line":150,"column":29},"end":{"line":150,"column":30}},"loc":{"start":{"line":150,"column":47},"end":{"line":159,"column":9}}},"8":{"name":"(anonymous_9)","decl":{"start":{"line":186,"column":2},"end":{"line":186,"column":8}},"loc":{"start":{"line":187,"column":23},"end":{"line":255,"column":3}}},"9":{"name":"(anonymous_10)","decl":{"start":{"line":215,"column":31},"end":{"line":215,"column":32}},"loc":{"start":{"line":216,"column":12},"end":{"line":218,"column":14}}},"10":{"name":"(anonymous_11)","decl":{"start":{"line":222,"column":34},"end":{"line":222,"column":35}},"loc":{"start":{"line":222,"column":52},"end":{"line":231,"column":9}}}},"branchMap":{"0":{"loc":{"start":{"line":27,"column":2},"end":{"line":27,"column":13}},"type":"default-arg","locations":[{"start":{"line":27,"column":12},"end":{"line":27,"column":13}}]},"1":{"loc":{"start":{"line":34,"column":6},"end":{"line":40,"column":7}},"type":"if","locations":[{"start":{"line":34,"column":6},"end":{"line":40,"column":7}},{"start":{},"end":{}}]},"2":{"loc":{"start":{"line":34,"column":10},"end":{"line":34,"column":61}},"type":"binary-expr","locations":[{"start":{"line":34,"column":10},"end":{"line":34,"column":40}},{"start":{"line":34,"column":44},"end":{"line":34,"column":61}}]},"3":{"loc":{"start":{"line":58,"column":4},"end":{"line":61,"column":5}},"type":"if","locations":[{"start":{"line":58,"column":4},"end":{"line":61,"column":5}},{"start":{},"end":{}}]},"4":{"loc":{"start":{"line":90,"column":4},"end":{"line":93,"column":5}},"type":"if","locations":[{"start":{"line":90,"column":4},"end":{"line":93,"column":5}},{"start":{},"end":{}}]},"5":{"loc":{"start":{"line":117,"column":4},"end":{"line":119,"column":5}},"type":"if","locations":[{"start":{"line":117,"column":4},"end":{"line":119,"column":5}},{"start":{},"end":{}}]},"6":{"loc":{"start":{"line":117,"column":8},"end":{"line":117,"column":50}},"type":"binary-expr","locations":[{"start":{"line":117,"column":8},"end":{"line":117,"column":11}},{"start":{"line":117,"column":16},"end":{"line":117,"column":38}},{"start":{"line":117,"column":42},"end":{"line":117,"column":49}}]},"7":{"loc":{"start":{"line":126,"column":4},"end":{"line":129,"column":5}},"type":"if","locations":[{"start":{"line":126,"column":4},"end":{"line":129,"column":5}},{"start":{},"end":{}}]},"8":{"loc":{"start":{"line":141,"column":6},"end":{"line":160,"column":7}},"type":"if","locations":[{"start":{"line":141,"column":6},"end":{"line":160,"column":7}},{"start":{},"end":{}}]},"9":{"loc":{"start":{"line":151,"column":10},"end":{"line":158,"column":11}},"type":"if","locations":[{"start":{"line":151,"column":10},"end":{"line":158,"column":11}},{"start":{"line":153,"column":17},"end":{"line":158,"column":11}}]},"10":{"loc":{"start":{"line":189,"column":4},"end":{"line":191,"column":5}},"type":"if","locations":[{"start":{"line":189,"column":4},"end":{"line":191,"column":5}},{"start":{},"end":{}}]},"11":{"loc":{"start":{"line":189,"column":8},"end":{"line":189,"column":50}},"type":"binary-expr","locations":[{"start":{"line":189,"column":8},"end":{"line":189,"column":11}},{"start":{"line":189,"column":16},"end":{"line":189,"column":38}},{"start":{"line":189,"column":42},"end":{"line":189,"column":49}}]},"12":{"loc":{"start":{"line":198,"column":4},"end":{"line":201,"column":5}},"type":"if","locations":[{"start":{"line":198,"column":4},"end":{"line":201,"column":5}},{"start":{},"end":{}}]},"13":{"loc":{"start":{"line":213,"column":6},"end":{"line":232,"column":7}},"type":"if","locations":[{"start":{"line":213,"column":6},"end":{"line":232,"column":7}},{"start":{},"end":{}}]},"14":{"loc":{"start":{"line":223,"column":10},"end":{"line":230,"column":11}},"type":"if","locations":[{"start":{"line":223,"column":10},"end":{"line":230,"column":11}},{"start":{"line":225,"column":17},"end":{"line":230,"column":11}}]}},"s":{"0":4,"1":4,"2":4,"3":4,"4":4,"5":4,"6":4,"7":0,"8":0,"9":4,"10":0,"11":0,"12":0,"13":0,"14":0,"15":0,"16":0,"17":0,"18":0,"19":0,"20":0,"21":0,"22":0,"23":11,"24":11,"25":11,"26":2,"27":2,"28":9,"29":9,"30":9,"31":5,"32":5,"33":4,"34":4,"35":8,"36":8,"37":8,"38":1,"39":1,"40":7,"41":7,"42":7,"43":5,"44":5,"45":2,"46":2,"47":11,"48":3,"49":8,"50":8,"51":8,"52":1,"53":1,"54":7,"55":7,"56":7,"57":4,"58":4,"59":4,"60":4,"61":4,"62":4,"63":4,"64":3,"65":1,"66":4,"67":4,"68":4,"69":3,"70":3,"71":11,"72":3,"73":8,"74":8,"75":8,"76":1,"77":1,"78":7,"79":7,"80":7,"81":4,"82":4,"83":4,"84":4,"85":4,"86":4,"87":4,"88":3,"89":1,"90":4,"91":4,"92":4,"93":3,"94":3,"95":4},"f":{"0":0,"1":0,"2":0,"3":11,"4":8,"5":11,"6":4,"7":4,"8":11,"9":4,"10":4},"b":{"0":[0],"1":[0,0],"2":[0,0],"3":[2,9],"4":[1,7],"5":[3,8],"6":[11,9,1],"7":[1,7],"8":[4,0],"9":[3,1],"10":[3,8],"11":[11,9,1],"12":[1,7],"13":[4,0],"14":[3,1]}}
}
