TN:
SF:controllers\searchController.ts
FN:10,(anonymous_1)
FN:53,(anonymous_2)
FN:96,(anonymous_3)
FN:126,(anonymous_4)
FNF:4
FNH:4
FNDA:8,(anonymous_1)
FNDA:6,(anonymous_2)
FNDA:5,(anonymous_3)
FNDA:5,(anonymous_4)
DA:2,3
DA:3,3
DA:4,3
DA:5,3
DA:15,8
DA:16,8
DA:18,8
DA:19,2
DA:20,2
DA:23,6
DA:24,6
DA:25,4
DA:26,4
DA:28,4
DA:34,4
DA:41,4
DA:48,2
DA:58,6
DA:59,6
DA:61,6
DA:62,2
DA:63,2
DA:66,4
DA:67,4
DA:68,3
DA:69,3
DA:71,3
DA:77,3
DA:84,3
DA:91,1
DA:101,5
DA:103,5
DA:104,1
DA:105,1
DA:108,4
DA:109,4
DA:111,2
DA:116,2
DA:121,2
DA:131,5
DA:133,5
DA:134,1
DA:135,1
DA:138,4
DA:139,4
DA:141,2
DA:146,2
DA:151,2
DA:156,3
LF:49
LH:49
BRDA:18,0,0,2
BRDA:18,0,1,6
BRDA:61,1,0,2
BRDA:61,1,1,4
BRDA:103,2,0,1
BRDA:103,2,1,4
BRDA:112,3,0,2
BRDA:112,3,1,0
BRDA:133,4,0,1
BRDA:133,4,1,4
BRDA:142,5,0,2
BRDA:142,5,1,0
BRF:12
BRH:10
end_of_record
TN:
SF:controllers\statisticsController.ts
FN:7,(anonymous_0)
FNF:1
FNH:1
FNDA:6,(anonymous_0)
DA:2,3
DA:12,6
DA:13,6
DA:15,4
DA:16,2
DA:26,2
DA:30,2
DA:41,2
DA:46,3
LF:9
LH:9
BRDA:15,0,0,2
BRDA:15,0,1,2
BRF:2
BRH:2
end_of_record
TN:
SF:errors\AppError.ts
FN:6,(anonymous_0)
FN:12,(anonymous_1)
FNF:2
FNH:2
FNDA:50,(anonymous_0)
FNDA:12,(anonymous_1)
DA:1,6
DA:4,50
DA:7,50
DA:8,50
DA:9,50
DA:13,12
LF:6
LH:6
BRF:0
BRH:0
end_of_record
TN:
SF:errors\ExternalApiError.ts
FN:7,(anonymous_0)
FNF:1
FNH:1
FNDA:20,(anonymous_0)
DA:1,6
DA:3,6
DA:4,20
DA:5,20
DA:8,20
LF:5
LH:5
BRDA:9,0,0,15
BRDA:9,0,1,5
BRF:2
BRH:2
end_of_record
TN:
SF:errors\NotFoundError.ts
FN:7,(anonymous_0)
FNF:1
FNH:1
FNDA:9,(anonymous_0)
DA:1,6
DA:3,6
DA:4,9
DA:5,9
DA:8,9
LF:5
LH:5
BRDA:8,0,0,4
BRDA:8,0,1,5
BRF:2
BRH:2
end_of_record
TN:
SF:errors\ValidationError.ts
FN:7,(anonymous_0)
FNF:1
FNH:1
FNDA:21,(anonymous_0)
DA:1,6
DA:3,6
DA:4,21
DA:5,21
DA:8,21
LF:5
LH:5
BRF:0
BRH:0
end_of_record
TN:
SF:middlewares\errorHandler.ts
FN:5,errorHandler
FNF:1
FNH:1
FNDA:13,errorHandler
DA:2,3
DA:3,3
DA:5,3
DA:12,13
DA:13,9
DA:23,4
DA:35,13
DA:36,9
DA:37,9
DA:41,4
LF:10
LH:10
BRDA:12,0,0,9
BRDA:12,0,1,4
BRDA:35,1,0,9
BRDA:35,1,1,4
BRF:4
BRH:4
end_of_record
TN:
SF:providers\cache.provider.ts
FN:14,(anonymous_1)
FN:15,(anonymous_2)
FN:16,(anonymous_3)
FN:17,(anonymous_4)
FN:21,(anonymous_5)
FN:26,(anonymous_6)
FN:41,(anonymous_7)
FN:54,(anonymous_8)
FN:67,(anonymous_9)
FNF:9
FNH:9
FNDA:13,(anonymous_1)
FNDA:9,(anonymous_2)
FNDA:9,(anonymous_3)
FNDA:9,(anonymous_4)
FNDA:63,(anonymous_5)
FNDA:38,(anonymous_6)
FNDA:20,(anonymous_7)
FNDA:2,(anonymous_8)
FNDA:3,(anonymous_9)
DA:1,5
DA:2,5
DA:5,5
DA:13,5
DA:14,13
DA:15,9
DA:16,9
DA:17,9
DA:21,5
DA:22,63
DA:25,5
DA:27,38
DA:28,0
DA:29,0
DA:32,38
DA:33,38
DA:34,37
DA:36,1
DA:37,1
DA:42,20
DA:43,0
DA:44,0
DA:47,20
DA:48,20
DA:50,1
DA:55,2
DA:56,0
DA:57,0
DA:60,2
DA:61,2
DA:63,1
DA:68,3
DA:69,0
DA:70,0
DA:73,3
DA:74,3
DA:75,2
DA:77,1
DA:78,1
LF:39
LH:31
BRDA:27,0,0,0
BRDA:27,0,1,38
BRDA:34,1,0,6
BRDA:34,1,1,31
BRDA:42,2,0,0
BRDA:42,2,1,20
BRDA:55,3,0,0
BRDA:55,3,1,2
BRDA:68,4,0,0
BRDA:68,4,1,3
BRF:10
BRH:6
end_of_record
TN:
SF:repositories\queryRepository.ts
FN:5,(anonymous_1)
FN:14,(anonymous_2)
FN:20,(anonymous_3)
FN:28,(anonymous_4)
FN:32,(anonymous_5)
FNF:5
FNH:5
FNDA:8,(anonymous_1)
FNDA:2,(anonymous_2)
FNDA:1,(anonymous_3)
FNDA:1,(anonymous_4)
FNDA:2,(anonymous_5)
DA:1,5
DA:4,5
DA:11,8
DA:15,2
DA:21,1
DA:29,1
DA:33,2
DA:36,2
LF:8
LH:8
BRDA:36,0,0,2
BRDA:36,0,1,1
BRF:2
BRH:2
end_of_record
TN:
SF:repositories\statisticRepository.ts
FN:6,(anonymous_1)
FN:22,(anonymous_2)
FN:28,(anonymous_3)
FN:35,(anonymous_4)
FNF:4
FNH:4
FNDA:1,(anonymous_1)
FNDA:8,(anonymous_2)
FNDA:3,(anonymous_3)
FNDA:13,(anonymous_4)
DA:1,5
DA:2,5
DA:5,5
DA:12,1
DA:23,8
DA:29,3
DA:35,13
DA:37,3
DA:38,2
LF:9
LH:9
BRDA:28,0,0,1
BRDA:37,1,0,2
BRDA:37,1,1,1
BRF:3
BRH:3
end_of_record
TN:
SF:services\statisticsService.ts
FN:20,(anonymous_1)
FN:33,(anonymous_2)
FN:45,(anonymous_3)
FN:59,(anonymous_4)
FN:79,(anonymous_5)
FN:89,(anonymous_6)
FNF:6
FNH:6
FNDA:5,(anonymous_1)
FNDA:5,(anonymous_2)
FNDA:5,(anonymous_3)
FNDA:5,(anonymous_4)
FNDA:4,(anonymous_5)
FNDA:2,(anonymous_6)
DA:1,1
DA:2,1
DA:5,1
DA:21,5
DA:22,5
DA:33,5
DA:39,1
DA:40,1
DA:46,5
DA:47,5
DA:50,4
DA:51,4
DA:53,1
DA:54,1
DA:60,5
DA:61,5
DA:71,4
DA:73,1
DA:74,1
DA:80,4
DA:81,4
DA:83,1
DA:84,1
DA:90,2
DA:92,2
DA:100,2
DA:108,1
DA:110,1
DA:117,1
DA:118,1
DA:123,1
LF:31
LH:31
BRDA:36,0,0,5
BRDA:36,0,1,1
BRDA:50,1,0,4
BRDA:50,1,1,1
BRDA:71,2,0,4
BRDA:71,2,1,1
BRF:6
BRH:6
end_of_record
TN:
SF:services\swapiService.ts
FN:22,(anonymous_1)
FN:22,(anonymous_2)
FN:25,(anonymous_3)
FN:50,(anonymous_4)
FN:82,(anonymous_5)
FN:114,(anonymous_6)
FN:143,(anonymous_7)
FN:150,(anonymous_8)
FN:186,(anonymous_9)
FN:215,(anonymous_10)
FN:222,(anonymous_11)
FNF:11
FNH:8
FNDA:0,(anonymous_1)
FNDA:0,(anonymous_2)
FNDA:0,(anonymous_3)
FNDA:11,(anonymous_4)
FNDA:8,(anonymous_5)
FNDA:11,(anonymous_6)
FNDA:4,(anonymous_7)
FNDA:4,(anonymous_8)
FNDA:11,(anonymous_9)
FNDA:4,(anonymous_10)
FNDA:4,(anonymous_11)
DA:1,4
DA:10,4
DA:15,4
DA:16,4
DA:18,4
DA:19,4
DA:22,4
DA:25,4
DA:29,0
DA:30,0
DA:31,0
DA:32,0
DA:34,0
DA:36,0
DA:37,0
DA:38,0
DA:39,0
DA:41,0
DA:42,0
DA:45,0
DA:53,11
DA:57,11
DA:58,11
DA:59,2
DA:60,2
DA:63,9
DA:65,9
DA:67,9
DA:72,5
DA:74,5
DA:76,4
DA:77,4
DA:85,8
DA:89,8
DA:90,8
DA:91,1
DA:92,1
DA:95,7
DA:97,7
DA:99,7
DA:104,5
DA:106,5
DA:108,2
DA:109,2
DA:117,11
DA:118,3
DA:121,8
DA:125,8
DA:126,8
DA:127,1
DA:128,1
DA:131,7
DA:133,7
DA:135,7
DA:137,4
DA:140,4
DA:141,4
DA:142,4
DA:144,4
DA:150,4
DA:151,4
DA:152,3
DA:154,1
DA:163,4
DA:176,4
DA:178,4
DA:180,3
DA:181,3
DA:189,11
DA:190,3
DA:193,8
DA:197,8
DA:198,8
DA:199,1
DA:200,1
DA:203,7
DA:205,7
DA:207,7
DA:209,4
DA:212,4
DA:213,4
DA:214,4
DA:216,4
DA:222,4
DA:223,4
DA:224,3
DA:226,1
DA:235,4
DA:248,4
DA:250,4
DA:252,3
DA:253,3
DA:258,4
LF:93
LH:81
BRDA:27,0,0,0
BRDA:34,1,0,0
BRDA:34,1,1,0
BRDA:34,2,0,0
BRDA:34,2,1,0
BRDA:58,3,0,2
BRDA:58,3,1,9
BRDA:90,4,0,1
BRDA:90,4,1,7
BRDA:117,5,0,3
BRDA:117,5,1,8
BRDA:117,6,0,11
BRDA:117,6,1,9
BRDA:117,6,2,1
BRDA:126,7,0,1
BRDA:126,7,1,7
BRDA:141,8,0,4
BRDA:141,8,1,0
BRDA:151,9,0,3
BRDA:151,9,1,1
BRDA:189,10,0,3
BRDA:189,10,1,8
BRDA:189,11,0,11
BRDA:189,11,1,9
BRDA:189,11,2,1
BRDA:198,12,0,1
BRDA:198,12,1,7
BRDA:213,13,0,4
BRDA:213,13,1,0
BRDA:223,14,0,3
BRDA:223,14,1,1
BRF:31
BRH:24
end_of_record
