{"C:\\wamp\\www\\sizilionet\\swstarter\\web\\src\\components\\molecules\\ResultCard\\ResultCard.tsx": {"path":"C:\\wamp\\www\\sizilionet\\swstarter\\web\\src\\components\\molecules\\ResultCard\\ResultCard.tsx","statementMap":{"0":{"start":{"line":1,"column":0},"end":{"line":1,"column":26}},"1":{"start":{"line":2,"column":0},"end":{"line":2,"column":40}},"2":{"start":{"line":4,"column":0},"end":{"line":4,"column":27}},"3":{"start":{"line":6,"column":46},"end":{"line":42,"column":1}},"4":{"start":{"line":9,"column":24},"end":{"line":35,"column":3}},"5":{"start":{"line":10,"column":4},"end":{"line":34,"column":null}},"6":{"start":{"line":12,"column":23},"end":{"line":12,"column":55}},"7":{"start":{"line":13,"column":8},"end":{"line":18,"column":10}},"8":{"start":{"line":20,"column":22},"end":{"line":20,"column":52}},"9":{"start":{"line":21,"column":8},"end":{"line":26,"column":10}},"10":{"start":{"line":28,"column":21},"end":{"line":28,"column":65}},"11":{"start":{"line":29,"column":8},"end":{"line":33,"column":10}},"12":{"start":{"line":37,"column":2},"end":{"line":41,"column":4}},"13":{"start":{"line":44,"column":0},"end":{"line":44,"column":26}}},"fnMap":{"0":{"name":"(anonymous_1)","decl":{"start":{"line":6,"column":46},"end":{"line":6,"column":47}},"loc":{"start":{"line":6,"column":67},"end":{"line":42,"column":1}}},"1":{"name":"(anonymous_2)","decl":{"start":{"line":9,"column":24},"end":{"line":9,"column":47}},"loc":{"start":{"line":9,"column":49},"end":{"line":35,"column":3}}}},"branchMap":{"0":{"loc":{"start":{"line":10,"column":4},"end":{"line":34,"column":null}},"type":"switch","locations":[{"start":{"line":11,"column":6},"end":{"line":18,"column":10}},{"start":{"line":19,"column":6},"end":{"line":26,"column":10}},{"start":{"line":27,"column":6},"end":{"line":33,"column":10}}]},"1":{"loc":{"start":{"line":31,"column":17},"end":{"line":31,"column":56}},"type":"cond-expr","locations":[{"start":{"line":31,"column":34},"end":{"line":31,"column":43}},{"start":{"line":31,"column":46},"end":{"line":31,"column":56}}]}},"s":{"0":3,"1":3,"2":3,"3":3,"4":22,"5":22,"6":17,"7":17,"8":5,"9":5,"10":0,"11":0,"12":22,"13":3},"f":{"0":22,"1":22},"b":{"0":[17,5,0],"1":[0,0]}}
,"C:\\wamp\\www\\sizilionet\\swstarter\\web\\src\\components\\molecules\\SkeletonLoader\\SkeletonLoader.tsx": {"path":"C:\\wamp\\www\\sizilionet\\swstarter\\web\\src\\components\\molecules\\SkeletonLoader\\SkeletonLoader.tsx","statementMap":{"0":{"start":{"line":1,"column":0},"end":{"line":1,"column":26}},"1":{"start":{"line":3,"column":0},"end":{"line":3,"column":31}},"2":{"start":{"line":5,"column":54},"end":{"line":17,"column":1}},"3":{"start":{"line":6,"column":2},"end":{"line":16,"column":4}},"4":{"start":{"line":9,"column":8},"end":{"line":9,"column":25}},"5":{"start":{"line":19,"column":0},"end":{"line":19,"column":30}}},"fnMap":{"0":{"name":"(anonymous_1)","decl":{"start":{"line":5,"column":54},"end":{"line":5,"column":55}},"loc":{"start":{"line":5,"column":72},"end":{"line":17,"column":1}}},"1":{"name":"(anonymous_2)","decl":{"start":{"line":8,"column":41},"end":{"line":8,"column":42}},"loc":{"start":{"line":9,"column":8},"end":{"line":9,"column":25}}}},"branchMap":{"0":{"loc":{"start":{"line":5,"column":57},"end":{"line":5,"column":66}},"type":"default-arg","locations":[{"start":{"line":5,"column":65},"end":{"line":5,"column":66}}]}},"s":{"0":5,"1":5,"2":5,"3":34,"4":118,"5":5},"f":{"0":34,"1":118},"b":{"0":[2]}}
,"C:\\wamp\\www\\sizilionet\\swstarter\\web\\src\\components\\organisms\\Header\\Header.tsx": {"path":"C:\\wamp\\www\\sizilionet\\swstarter\\web\\src\\components\\organisms\\Header\\Header.tsx","statementMap":{"0":{"start":{"line":1,"column":0},"end":{"line":1,"column":26}},"1":{"start":{"line":2,"column":0},"end":{"line":2,"column":40}},"2":{"start":{"line":3,"column":0},"end":{"line":3,"column":23}},"3":{"start":{"line":5,"column":25},"end":{"line":15,"column":1}},"4":{"start":{"line":6,"column":2},"end":{"line":14,"column":4}},"5":{"start":{"line":17,"column":0},"end":{"line":17,"column":22}}},"fnMap":{"0":{"name":"(anonymous_1)","decl":{"start":{"line":5,"column":25},"end":{"line":5,"column":28}},"loc":{"start":{"line":5,"column":30},"end":{"line":15,"column":1}}}},"branchMap":{},"s":{"0":2,"1":2,"2":2,"3":2,"4":11,"5":2},"f":{"0":11},"b":{}}
,"C:\\wamp\\www\\sizilionet\\swstarter\\web\\src\\components\\organisms\\Layout\\Layout.tsx": {"path":"C:\\wamp\\www\\sizilionet\\swstarter\\web\\src\\components\\organisms\\Layout\\Layout.tsx","statementMap":{"0":{"start":{"line":1,"column":0},"end":{"line":1,"column":26}},"1":{"start":{"line":2,"column":0},"end":{"line":2,"column":58}},"2":{"start":{"line":4,"column":0},"end":{"line":4,"column":23}},"3":{"start":{"line":6,"column":38},"end":{"line":16,"column":1}},"4":{"start":{"line":7,"column":2},"end":{"line":15,"column":4}},"5":{"start":{"line":18,"column":0},"end":{"line":18,"column":22}}},"fnMap":{"0":{"name":"(anonymous_1)","decl":{"start":{"line":6,"column":38},"end":{"line":6,"column":39}},"loc":{"start":{"line":6,"column":55},"end":{"line":16,"column":1}}}},"branchMap":{},"s":{"0":1,"1":1,"2":1,"3":1,"4":6,"5":1},"f":{"0":6},"b":{}}
,"C:\\wamp\\www\\sizilionet\\swstarter\\web\\src\\components\\organisms\\ResultsList\\ResultsList.tsx": {"path":"C:\\wamp\\www\\sizilionet\\swstarter\\web\\src\\components\\organisms\\ResultsList\\ResultsList.tsx","statementMap":{"0":{"start":{"line":1,"column":0},"end":{"line":1,"column":26}},"1":{"start":{"line":2,"column":0},"end":{"line":2,"column":70}},"2":{"start":{"line":3,"column":0},"end":{"line":3,"column":82}},"3":{"start":{"line":5,"column":0},"end":{"line":5,"column":28}},"4":{"start":{"line":7,"column":48},"end":{"line":62,"column":1}},"5":{"start":{"line":10,"column":2},"end":{"line":22,"column":null}},"6":{"start":{"line":11,"column":4},"end":{"line":21,"column":6}},"7":{"start":{"line":25,"column":2},"end":{"line":38,"column":null}},"8":{"start":{"line":26,"column":4},"end":{"line":37,"column":6}},"9":{"start":{"line":40,"column":2},"end":{"line":61,"column":4}},"10":{"start":{"line":49,"column":12},"end":{"line":49,"column":36}},"11":{"start":{"line":64,"column":0},"end":{"line":64,"column":27}}},"fnMap":{"0":{"name":"(anonymous_1)","decl":{"start":{"line":7,"column":48},"end":{"line":7,"column":49}},"loc":{"start":{"line":7,"column":95},"end":{"line":62,"column":1}}},"1":{"name":"(anonymous_2)","decl":{"start":{"line":48,"column":22},"end":{"line":48,"column":23}},"loc":{"start":{"line":49,"column":12},"end":{"line":49,"column":36}}}},"branchMap":{"0":{"loc":{"start":{"line":10,"column":2},"end":{"line":22,"column":null}},"type":"if","locations":[{"start":{"line":10,"column":2},"end":{"line":22,"column":null}},{"start":{},"end":{}}]},"1":{"loc":{"start":{"line":10,"column":6},"end":{"line":10,"column":23}},"type":"binary-expr","locations":[{"start":{"line":10,"column":6},"end":{"line":10,"column":14}},{"start":{"line":10,"column":18},"end":{"line":10,"column":23}}]},"2":{"loc":{"start":{"line":19,"column":9},"end":{"line":19,"column":83}},"type":"binary-expr","locations":[{"start":{"line":19,"column":9},"end":{"line":19,"column":16}},{"start":{"line":19,"column":20},"end":{"line":19,"column":83}}]},"3":{"loc":{"start":{"line":25,"column":2},"end":{"line":38,"column":null}},"type":"if","locations":[{"start":{"line":25,"column":2},"end":{"line":38,"column":null}},{"start":{},"end":{}}]},"4":{"loc":{"start":{"line":25,"column":6},"end":{"line":25,"column":52}},"type":"binary-expr","locations":[{"start":{"line":25,"column":6},"end":{"line":25,"column":14}},{"start":{"line":25,"column":19},"end":{"line":25,"column":27}},{"start":{"line":25,"column":31},"end":{"line":25,"column":51}}]},"5":{"loc":{"start":{"line":35,"column":9},"end":{"line":35,"column":83}},"type":"binary-expr","locations":[{"start":{"line":35,"column":9},"end":{"line":35,"column":16}},{"start":{"line":35,"column":20},"end":{"line":35,"column":83}}]},"6":{"loc":{"start":{"line":45,"column":9},"end":{"line":50,"column":12}},"type":"cond-expr","locations":[{"start":{"line":46,"column":10},"end":{"line":46,"column":38}},{"start":{"line":48,"column":10},"end":{"line":50,"column":12}}]},"7":{"loc":{"start":{"line":54,"column":7},"end":{"line":57,"column":null}},"type":"binary-expr","locations":[{"start":{"line":54,"column":7},"end":{"line":54,"column":15}},{"start":{"line":54,"column":19},"end":{"line":54,"column":26}},{"start":{"line":55,"column":8},"end":{"line":57,"column":null}}]}},"s":{"0":2,"1":2,"2":2,"3":2,"4":2,"5":56,"6":4,"7":52,"8":29,"9":23,"10":15,"11":2},"f":{"0":56,"1":15},"b":{"0":[4,52],"1":[56,47],"2":[4,4],"3":[29,23],"4":[52,43,43],"5":[29,29],"6":[9,14],"7":[23,14,13]}}
,"C:\\wamp\\www\\sizilionet\\swstarter\\web\\src\\components\\organisms\\SearchBar\\SearchBar.tsx": {"path":"C:\\wamp\\www\\sizilionet\\swstarter\\web\\src\\components\\organisms\\SearchBar\\SearchBar.tsx","statementMap":{"0":{"start":{"line":1,"column":0},"end":{"line":1,"column":40}},"1":{"start":{"line":3,"column":0},"end":{"line":3,"column":26}},"2":{"start":{"line":5,"column":44},"end":{"line":68,"column":1}},"3":{"start":{"line":6,"column":38},"end":{"line":6,"column":58}},"4":{"start":{"line":8,"column":23},"end":{"line":13,"column":3}},"5":{"start":{"line":9,"column":4},"end":{"line":9,"column":23}},"6":{"start":{"line":10,"column":4},"end":{"line":12,"column":null}},"7":{"start":{"line":11,"column":6},"end":{"line":11,"column":27}},"8":{"start":{"line":15,"column":25},"end":{"line":19,"column":3}},"9":{"start":{"line":16,"column":4},"end":{"line":18,"column":47}},"10":{"start":{"line":21,"column":27},"end":{"line":23,"column":3}},"11":{"start":{"line":22,"column":4},"end":{"line":22,"column":47}},"12":{"start":{"line":25,"column":2},"end":{"line":67,"column":4}},"13":{"start":{"line":59,"column":64},"end":{"line":59,"column":93}},"14":{"start":{"line":70,"column":0},"end":{"line":70,"column":25}}},"fnMap":{"0":{"name":"(anonymous_6)","decl":{"start":{"line":5,"column":44},"end":{"line":5,"column":45}},"loc":{"start":{"line":5,"column":87},"end":{"line":68,"column":1}}},"1":{"name":"(anonymous_7)","decl":{"start":{"line":8,"column":23},"end":{"line":8,"column":24}},"loc":{"start":{"line":8,"column":69},"end":{"line":13,"column":3}}},"2":{"name":"(anonymous_8)","decl":{"start":{"line":15,"column":25},"end":{"line":15,"column":36}},"loc":{"start":{"line":15,"column":38},"end":{"line":19,"column":3}}},"3":{"name":"(anonymous_9)","decl":{"start":{"line":21,"column":27},"end":{"line":21,"column":28}},"loc":{"start":{"line":21,"column":76},"end":{"line":23,"column":3}}},"4":{"name":"(anonymous_10)","decl":{"start":{"line":59,"column":20},"end":{"line":59,"column":21}},"loc":{"start":{"line":59,"column":64},"end":{"line":59,"column":93}}}},"branchMap":{"0":{"loc":{"start":{"line":10,"column":4},"end":{"line":12,"column":null}},"type":"if","locations":[{"start":{"line":10,"column":4},"end":{"line":12,"column":null}},{"start":{},"end":{}}]},"1":{"loc":{"start":{"line":16,"column":11},"end":{"line":18,"column":46}},"type":"cond-expr","locations":[{"start":{"line":17,"column":8},"end":{"line":17,"column":41}},{"start":{"line":18,"column":8},"end":{"line":18,"column":46}}]}},"s":{"0":2,"1":2,"2":2,"3":92,"4":92,"5":9,"6":9,"7":8,"8":92,"9":92,"10":92,"11":4,"12":92,"13":37,"14":2},"f":{"0":92,"1":9,"2":92,"3":4,"4":37},"b":{"0":[8,1],"1":[79,13]}}
,"C:\\wamp\\www\\sizilionet\\swstarter\\web\\src\\hooks\\index.ts": {"path":"C:\\wamp\\www\\sizilionet\\swstarter\\web\\src\\hooks\\index.ts","statementMap":{"0":{"start":{"line":1,"column":0},"end":{"line":1,"column":9}},"1":{"start":{"line":1,"column":9},"end":{"line":1,"column":40}},"2":{"start":{"line":4,"column":0},"end":{"line":4,"column":9}},"3":{"start":{"line":4,"column":9},"end":{"line":4,"column":52}},"4":{"start":{"line":7,"column":0},"end":{"line":7,"column":9}},"5":{"start":{"line":7,"column":9},"end":{"line":7,"column":50}}},"fnMap":{"0":{"name":"(anonymous_0)","decl":{"start":{"line":1,"column":9},"end":{"line":1,"column":18}},"loc":{"start":{"line":1,"column":9},"end":{"line":1,"column":40}}},"1":{"name":"(anonymous_1)","decl":{"start":{"line":4,"column":9},"end":{"line":4,"column":24}},"loc":{"start":{"line":4,"column":9},"end":{"line":4,"column":52}}},"2":{"name":"(anonymous_2)","decl":{"start":{"line":7,"column":9},"end":{"line":7,"column":23}},"loc":{"start":{"line":7,"column":9},"end":{"line":7,"column":50}}}},"branchMap":{},"s":{"0":3,"1":44,"2":3,"3":23,"4":3,"5":23},"f":{"0":41,"1":20,"2":20},"b":{}}
,"C:\\wamp\\www\\sizilionet\\swstarter\\web\\src\\hooks\\useMovieDetail.ts": {"path":"C:\\wamp\\www\\sizilionet\\swstarter\\web\\src\\hooks\\useMovieDetail.ts","statementMap":{"0":{"start":{"line":1,"column":0},"end":{"line":1,"column":44}},"1":{"start":{"line":2,"column":0},"end":{"line":2,"column":46}},"2":{"start":{"line":11,"column":30},"end":{"line":44,"column":1}},"3":{"start":{"line":12,"column":28},"end":{"line":12,"column":95}},"4":{"start":{"line":13,"column":32},"end":{"line":13,"column":55}},"5":{"start":{"line":14,"column":28},"end":{"line":14,"column":57}},"6":{"start":{"line":16,"column":2},"end":{"line":37,"column":11}},"7":{"start":{"line":17,"column":30},"end":{"line":34,"column":5}},"8":{"start":{"line":18,"column":6},"end":{"line":22,"column":null}},"9":{"start":{"line":19,"column":8},"end":{"line":19,"column":37}},"10":{"start":{"line":20,"column":8},"end":{"line":20,"column":26}},"11":{"start":{"line":21,"column":8},"end":{"line":21,"column":15}},"12":{"start":{"line":24,"column":6},"end":{"line":33,"column":null}},"13":{"start":{"line":25,"column":8},"end":{"line":25,"column":25}},"14":{"start":{"line":26,"column":8},"end":{"line":26,"column":23}},"15":{"start":{"line":27,"column":25},"end":{"line":27,"column":47}},"16":{"start":{"line":28,"column":8},"end":{"line":28,"column":32}},"17":{"start":{"line":30,"column":8},"end":{"line":30,"column":94}},"18":{"start":{"line":32,"column":8},"end":{"line":32,"column":26}},"19":{"start":{"line":36,"column":4},"end":{"line":36,"column":24}},"20":{"start":{"line":39,"column":2},"end":{"line":43,"column":4}},"21":{"start":{"line":11,"column":13},"end":{"line":11,"column":30}},"22":{"start":{"line":46,"column":0},"end":{"line":46,"column":30}}},"fnMap":{"0":{"name":"(anonymous_0)","decl":{"start":{"line":11,"column":30},"end":{"line":11,"column":31}},"loc":{"start":{"line":11,"column":79},"end":{"line":44,"column":1}}},"1":{"name":"(anonymous_1)","decl":{"start":{"line":16,"column":12},"end":{"line":16,"column":15}},"loc":{"start":{"line":16,"column":17},"end":{"line":37,"column":3}}},"2":{"name":"(anonymous_2)","decl":{"start":{"line":17,"column":30},"end":{"line":17,"column":35}},"loc":{"start":{"line":17,"column":56},"end":{"line":34,"column":5}}}},"branchMap":{"0":{"loc":{"start":{"line":18,"column":6},"end":{"line":22,"column":null}},"type":"if","locations":[{"start":{"line":18,"column":6},"end":{"line":22,"column":null}},{"start":{},"end":{}}]},"1":{"loc":{"start":{"line":30,"column":17},"end":{"line":30,"column":92}},"type":"binary-expr","locations":[{"start":{"line":30,"column":17},"end":{"line":30,"column":42}},{"start":{"line":30,"column":46},"end":{"line":30,"column":57}},{"start":{"line":30,"column":61},"end":{"line":30,"column":92}}]}},"s":{"0":4,"1":4,"2":4,"3":35,"4":35,"5":35,"6":35,"7":17,"8":17,"9":1,"10":1,"11":1,"12":16,"13":16,"14":16,"15":16,"16":11,"17":5,"18":16,"19":17,"20":35,"21":4,"22":4},"f":{"0":35,"1":17,"2":17},"b":{"0":[1,16],"1":[5,3,1]}}
,"C:\\wamp\\www\\sizilionet\\swstarter\\web\\src\\hooks\\usePersonDetail.ts": {"path":"C:\\wamp\\www\\sizilionet\\swstarter\\web\\src\\hooks\\usePersonDetail.ts","statementMap":{"0":{"start":{"line":1,"column":0},"end":{"line":1,"column":44}},"1":{"start":{"line":2,"column":0},"end":{"line":2,"column":47}},"2":{"start":{"line":11,"column":31},"end":{"line":44,"column":1}},"3":{"start":{"line":12,"column":30},"end":{"line":12,"column":94}},"4":{"start":{"line":13,"column":32},"end":{"line":13,"column":55}},"5":{"start":{"line":14,"column":28},"end":{"line":14,"column":57}},"6":{"start":{"line":16,"column":2},"end":{"line":37,"column":11}},"7":{"start":{"line":17,"column":31},"end":{"line":34,"column":5}},"8":{"start":{"line":18,"column":6},"end":{"line":22,"column":null}},"9":{"start":{"line":19,"column":8},"end":{"line":19,"column":38}},"10":{"start":{"line":20,"column":8},"end":{"line":20,"column":26}},"11":{"start":{"line":21,"column":8},"end":{"line":21,"column":15}},"12":{"start":{"line":24,"column":6},"end":{"line":33,"column":null}},"13":{"start":{"line":25,"column":8},"end":{"line":25,"column":25}},"14":{"start":{"line":26,"column":8},"end":{"line":26,"column":23}},"15":{"start":{"line":27,"column":25},"end":{"line":27,"column":48}},"16":{"start":{"line":28,"column":8},"end":{"line":28,"column":33}},"17":{"start":{"line":30,"column":8},"end":{"line":30,"column":95}},"18":{"start":{"line":32,"column":8},"end":{"line":32,"column":26}},"19":{"start":{"line":36,"column":4},"end":{"line":36,"column":25}},"20":{"start":{"line":39,"column":2},"end":{"line":43,"column":4}},"21":{"start":{"line":11,"column":13},"end":{"line":11,"column":31}},"22":{"start":{"line":46,"column":0},"end":{"line":46,"column":31}}},"fnMap":{"0":{"name":"(anonymous_0)","decl":{"start":{"line":11,"column":31},"end":{"line":11,"column":32}},"loc":{"start":{"line":11,"column":81},"end":{"line":44,"column":1}}},"1":{"name":"(anonymous_1)","decl":{"start":{"line":16,"column":12},"end":{"line":16,"column":15}},"loc":{"start":{"line":16,"column":17},"end":{"line":37,"column":3}}},"2":{"name":"(anonymous_2)","decl":{"start":{"line":17,"column":31},"end":{"line":17,"column":36}},"loc":{"start":{"line":17,"column":57},"end":{"line":34,"column":5}}}},"branchMap":{"0":{"loc":{"start":{"line":18,"column":6},"end":{"line":22,"column":null}},"type":"if","locations":[{"start":{"line":18,"column":6},"end":{"line":22,"column":null}},{"start":{},"end":{}}]},"1":{"loc":{"start":{"line":30,"column":17},"end":{"line":30,"column":93}},"type":"binary-expr","locations":[{"start":{"line":30,"column":17},"end":{"line":30,"column":42}},{"start":{"line":30,"column":46},"end":{"line":30,"column":57}},{"start":{"line":30,"column":61},"end":{"line":30,"column":93}}]}},"s":{"0":4,"1":4,"2":4,"3":35,"4":35,"5":35,"6":35,"7":17,"8":17,"9":1,"10":1,"11":1,"12":16,"13":16,"14":16,"15":16,"16":11,"17":5,"18":16,"19":17,"20":35,"21":4,"22":4},"f":{"0":35,"1":17,"2":17},"b":{"0":[1,16],"1":[5,3,1]}}
,"C:\\wamp\\www\\sizilionet\\swstarter\\web\\src\\hooks\\useSearch.ts": {"path":"C:\\wamp\\www\\sizilionet\\swstarter\\web\\src\\hooks\\useSearch.ts","statementMap":{"0":{"start":{"line":1,"column":0},"end":{"line":1,"column":57}},"1":{"start":{"line":2,"column":0},"end":{"line":2,"column":60}},"2":{"start":{"line":16,"column":25},"end":{"line":74,"column":1}},"3":{"start":{"line":17,"column":38},"end":{"line":17,"column":68}},"4":{"start":{"line":18,"column":32},"end":{"line":18,"column":89}},"5":{"start":{"line":19,"column":40},"end":{"line":19,"column":64}},"6":{"start":{"line":20,"column":32},"end":{"line":20,"column":56}},"7":{"start":{"line":21,"column":28},"end":{"line":21,"column":57}},"8":{"start":{"line":24,"column":17},"end":{"line":50,"column":18}},"9":{"start":{"line":25,"column":4},"end":{"line":25,"column":25}},"10":{"start":{"line":26,"column":4},"end":{"line":26,"column":21}},"11":{"start":{"line":27,"column":4},"end":{"line":27,"column":19}},"12":{"start":{"line":29,"column":4},"end":{"line":49,"column":null}},"13":{"start":{"line":32,"column":6},"end":{"line":41,"column":null}},"14":{"start":{"line":34,"column":10},"end":{"line":34,"column":52}},"15":{"start":{"line":35,"column":10},"end":{"line":35,"column":16}},"16":{"start":{"line":37,"column":10},"end":{"line":37,"column":52}},"17":{"start":{"line":38,"column":10},"end":{"line":38,"column":16}},"18":{"start":{"line":40,"column":10},"end":{"line":40,"column":52}},"19":{"start":{"line":43,"column":6},"end":{"line":43,"column":39}},"20":{"start":{"line":45,"column":6},"end":{"line":45,"column":61}},"21":{"start":{"line":46,"column":6},"end":{"line":46,"column":42}},"22":{"start":{"line":48,"column":6},"end":{"line":48,"column":24}},"23":{"start":{"line":53,"column":2},"end":{"line":55,"column":19}},"24":{"start":{"line":54,"column":4},"end":{"line":54,"column":19}},"25":{"start":{"line":58,"column":16},"end":{"line":62,"column":8}},"26":{"start":{"line":59,"column":4},"end":{"line":59,"column":26}},"27":{"start":{"line":60,"column":4},"end":{"line":60,"column":19}},"28":{"start":{"line":61,"column":4},"end":{"line":61,"column":19}},"29":{"start":{"line":64,"column":2},"end":{"line":73,"column":4}},"30":{"start":{"line":16,"column":13},"end":{"line":16,"column":25}},"31":{"start":{"line":76,"column":0},"end":{"line":76,"column":25}}},"fnMap":{"0":{"name":"(anonymous_0)","decl":{"start":{"line":16,"column":25},"end":{"line":16,"column":45}},"loc":{"start":{"line":16,"column":47},"end":{"line":74,"column":1}}},"1":{"name":"(anonymous_1)","decl":{"start":{"line":24,"column":29},"end":{"line":24,"column":34}},"loc":{"start":{"line":24,"column":73},"end":{"line":50,"column":3}}},"2":{"name":"(anonymous_2)","decl":{"start":{"line":53,"column":12},"end":{"line":53,"column":15}},"loc":{"start":{"line":53,"column":17},"end":{"line":55,"column":3}}},"3":{"name":"(anonymous_3)","decl":{"start":{"line":58,"column":28},"end":{"line":58,"column":37}},"loc":{"start":{"line":58,"column":39},"end":{"line":62,"column":3}}}},"branchMap":{"0":{"loc":{"start":{"line":32,"column":6},"end":{"line":41,"column":null}},"type":"switch","locations":[{"start":{"line":33,"column":8},"end":{"line":35,"column":16}},{"start":{"line":36,"column":8},"end":{"line":38,"column":16}},{"start":{"line":39,"column":8},"end":{"line":40,"column":52}}]}},"s":{"0":4,"1":4,"2":4,"3":73,"4":73,"5":73,"6":73,"7":73,"8":73,"9":13,"10":13,"11":13,"12":13,"13":13,"14":11,"15":9,"16":2,"17":2,"18":0,"19":11,"20":2,"21":2,"22":13,"23":73,"24":25,"25":73,"26":2,"27":2,"28":2,"29":73,"30":4,"31":4},"f":{"0":73,"1":13,"2":25,"3":2},"b":{"0":[11,2,0]}}
,"C:\\wamp\\www\\sizilionet\\swstarter\\web\\src\\pages\\MovieDetailPage\\MovieDetailPage.tsx": {"path":"C:\\wamp\\www\\sizilionet\\swstarter\\web\\src\\pages\\MovieDetailPage\\MovieDetailPage.tsx","statementMap":{"0":{"start":{"line":1,"column":0},"end":{"line":1,"column":26}},"1":{"start":{"line":2,"column":0},"end":{"line":2,"column":51}},"2":{"start":{"line":3,"column":0},"end":{"line":3,"column":82}},"3":{"start":{"line":4,"column":0},"end":{"line":4,"column":41}},"4":{"start":{"line":5,"column":0},"end":{"line":5,"column":44}},"5":{"start":{"line":6,"column":0},"end":{"line":6,"column":32}},"6":{"start":{"line":9,"column":34},"end":{"line":55,"column":1}},"7":{"start":{"line":10,"column":17},"end":{"line":10,"column":44}},"8":{"start":{"line":11,"column":36},"end":{"line":11,"column":54}},"9":{"start":{"line":13,"column":2},"end":{"line":19,"column":null}},"10":{"start":{"line":14,"column":4},"end":{"line":18,"column":6}},"11":{"start":{"line":21,"column":16},"end":{"line":21,"column":40}},"12":{"start":{"line":23,"column":2},"end":{"line":54,"column":4}},"13":{"start":{"line":38,"column":18},"end":{"line":38,"column":null}},"14":{"start":{"line":57,"column":0},"end":{"line":57,"column":31}}},"fnMap":{"0":{"name":"(anonymous_1)","decl":{"start":{"line":9,"column":34},"end":{"line":9,"column":37}},"loc":{"start":{"line":9,"column":39},"end":{"line":55,"column":1}}},"1":{"name":"(anonymous_2)","decl":{"start":{"line":37,"column":42},"end":{"line":37,"column":43}},"loc":{"start":{"line":38,"column":18},"end":{"line":38,"column":null}}}},"branchMap":{"0":{"loc":{"start":{"line":13,"column":2},"end":{"line":19,"column":null}},"type":"if","locations":[{"start":{"line":13,"column":2},"end":{"line":19,"column":null}},{"start":{},"end":{}}]},"1":{"loc":{"start":{"line":25,"column":7},"end":{"line":45,"column":null}},"type":"cond-expr","locations":[{"start":{"line":26,"column":8},"end":{"line":26,"column":36}},{"start":{"line":27,"column":8},"end":{"line":45,"column":null}}]},"2":{"loc":{"start":{"line":36,"column":15},"end":{"line":42,"column":18}},"type":"binary-expr","locations":[{"start":{"line":36,"column":15},"end":{"line":36,"column":36}},{"start":{"line":36,"column":40},"end":{"line":36,"column":72}},{"start":{"line":37,"column":16},"end":{"line":42,"column":18}}]},"3":{"loc":{"start":{"line":40,"column":21},"end":{"line":40,"column":69}},"type":"binary-expr","locations":[{"start":{"line":40,"column":21},"end":{"line":40,"column":61}},{"start":{"line":40,"column":65},"end":{"line":40,"column":69}}]}},"s":{"0":1,"1":1,"2":1,"3":1,"4":1,"5":1,"6":1,"7":20,"8":20,"9":20,"10":2,"11":18,"12":18,"13":8,"14":1},"f":{"0":20,"1":8},"b":{"0":[2,18],"1":[10,8],"2":[8,8,8],"3":[8,0]}}
,"C:\\wamp\\www\\sizilionet\\swstarter\\web\\src\\pages\\PeopleDetailPage\\PeopleDetailPage.tsx": {"path":"C:\\wamp\\www\\sizilionet\\swstarter\\web\\src\\pages\\PeopleDetailPage\\PeopleDetailPage.tsx","statementMap":{"0":{"start":{"line":1,"column":0},"end":{"line":1,"column":26}},"1":{"start":{"line":2,"column":0},"end":{"line":2,"column":51}},"2":{"start":{"line":3,"column":0},"end":{"line":3,"column":82}},"3":{"start":{"line":4,"column":0},"end":{"line":4,"column":42}},"4":{"start":{"line":5,"column":0},"end":{"line":5,"column":44}},"5":{"start":{"line":6,"column":0},"end":{"line":6,"column":33}},"6":{"start":{"line":9,"column":35},"end":{"line":60,"column":1}},"7":{"start":{"line":10,"column":17},"end":{"line":10,"column":44}},"8":{"start":{"line":11,"column":37},"end":{"line":11,"column":56}},"9":{"start":{"line":13,"column":2},"end":{"line":19,"column":null}},"10":{"start":{"line":14,"column":4},"end":{"line":18,"column":6}},"11":{"start":{"line":21,"column":16},"end":{"line":21,"column":41}},"12":{"start":{"line":23,"column":2},"end":{"line":59,"column":4}},"13":{"start":{"line":43,"column":18},"end":{"line":43,"column":null}},"14":{"start":{"line":62,"column":0},"end":{"line":62,"column":32}}},"fnMap":{"0":{"name":"(anonymous_1)","decl":{"start":{"line":9,"column":35},"end":{"line":9,"column":38}},"loc":{"start":{"line":9,"column":40},"end":{"line":60,"column":1}}},"1":{"name":"(anonymous_2)","decl":{"start":{"line":42,"column":37},"end":{"line":42,"column":38}},"loc":{"start":{"line":43,"column":18},"end":{"line":43,"column":null}}}},"branchMap":{"0":{"loc":{"start":{"line":13,"column":2},"end":{"line":19,"column":null}},"type":"if","locations":[{"start":{"line":13,"column":2},"end":{"line":19,"column":null}},{"start":{},"end":{}}]},"1":{"loc":{"start":{"line":25,"column":7},"end":{"line":50,"column":null}},"type":"cond-expr","locations":[{"start":{"line":26,"column":8},"end":{"line":26,"column":36}},{"start":{"line":27,"column":8},"end":{"line":50,"column":null}}]},"2":{"loc":{"start":{"line":41,"column":15},"end":{"line":47,"column":18}},"type":"binary-expr","locations":[{"start":{"line":41,"column":15},"end":{"line":41,"column":31}},{"start":{"line":41,"column":35},"end":{"line":41,"column":62}},{"start":{"line":42,"column":16},"end":{"line":47,"column":18}}]},"3":{"loc":{"start":{"line":45,"column":21},"end":{"line":45,"column":64}},"type":"binary-expr","locations":[{"start":{"line":45,"column":21},"end":{"line":45,"column":56}},{"start":{"line":45,"column":60},"end":{"line":45,"column":64}}]}},"s":{"0":1,"1":1,"2":1,"3":1,"4":1,"5":1,"6":1,"7":20,"8":20,"9":20,"10":2,"11":18,"12":18,"13":8,"14":1},"f":{"0":20,"1":8},"b":{"0":[2,18],"1":[10,8],"2":[8,8,8],"3":[8,0]}}
,"C:\\wamp\\www\\sizilionet\\swstarter\\web\\src\\pages\\SearchPage\\SearchPage.tsx": {"path":"C:\\wamp\\www\\sizilionet\\swstarter\\web\\src\\pages\\SearchPage\\SearchPage.tsx","statementMap":{"0":{"start":{"line":1,"column":0},"end":{"line":1,"column":26}},"1":{"start":{"line":2,"column":0},"end":{"line":2,"column":67}},"2":{"start":{"line":3,"column":0},"end":{"line":3,"column":73}},"3":{"start":{"line":4,"column":0},"end":{"line":4,"column":36}},"4":{"start":{"line":5,"column":0},"end":{"line":5,"column":27}},"5":{"start":{"line":8,"column":29},"end":{"line":37,"column":1}},"6":{"start":{"line":18,"column":6},"end":{"line":18,"column":17}},"7":{"start":{"line":20,"column":2},"end":{"line":36,"column":4}},"8":{"start":{"line":39,"column":0},"end":{"line":39,"column":26}}},"fnMap":{"0":{"name":"(anonymous_1)","decl":{"start":{"line":8,"column":29},"end":{"line":8,"column":32}},"loc":{"start":{"line":8,"column":34},"end":{"line":37,"column":1}}}},"branchMap":{"0":{"loc":{"start":{"line":21,"column":35},"end":{"line":21,"column":67}},"type":"cond-expr","locations":[{"start":{"line":21,"column":49},"end":{"line":21,"column":62}},{"start":{"line":21,"column":65},"end":{"line":21,"column":67}}]}},"s":{"0":1,"1":1,"2":1,"3":1,"4":1,"5":1,"6":41,"7":41,"8":1},"f":{"0":41},"b":{"0":[16,25]}}
}
