TN:
SF:src\components\molecules\ResultCard\ResultCard.tsx
FN:6,(anonymous_1)
FN:9,(anonymous_2)
FNF:2
FNH:2
FNDA:22,(anonymous_1)
FNDA:22,(anonymous_2)
DA:1,3
DA:2,3
DA:4,3
DA:6,3
DA:9,22
DA:10,22
DA:12,17
DA:13,17
DA:20,5
DA:21,5
DA:28,0
DA:29,0
DA:37,22
DA:44,3
LF:14
LH:12
BRDA:10,0,0,17
BRDA:10,0,1,5
BRDA:10,0,2,0
BRDA:31,1,0,0
BRDA:31,1,1,0
BRF:5
BRH:2
end_of_record
TN:
SF:src\components\molecules\SkeletonLoader\SkeletonLoader.tsx
FN:5,(anonymous_1)
FN:8,(anonymous_2)
FNF:2
FNH:2
FNDA:34,(anonymous_1)
FNDA:118,(anonymous_2)
DA:1,5
DA:3,5
DA:5,5
DA:6,34
DA:9,118
DA:19,5
LF:6
LH:6
BRDA:5,0,0,2
BRF:1
BRH:1
end_of_record
TN:
SF:src\components\organisms\Header\Header.tsx
FN:5,(anonymous_1)
FNF:1
FNH:1
FNDA:11,(anonymous_1)
DA:1,2
DA:2,2
DA:3,2
DA:5,2
DA:6,11
DA:17,2
LF:6
LH:6
BRF:0
BRH:0
end_of_record
TN:
SF:src\components\organisms\Layout\Layout.tsx
FN:6,(anonymous_1)
FNF:1
FNH:1
FNDA:6,(anonymous_1)
DA:1,1
DA:2,1
DA:4,1
DA:6,1
DA:7,6
DA:18,1
LF:6
LH:6
BRF:0
BRH:0
end_of_record
TN:
SF:src\components\organisms\ResultsList\ResultsList.tsx
FN:7,(anonymous_1)
FN:48,(anonymous_2)
FNF:2
FNH:2
FNDA:56,(anonymous_1)
FNDA:15,(anonymous_2)
DA:1,2
DA:2,2
DA:3,2
DA:5,2
DA:7,2
DA:10,56
DA:11,4
DA:25,52
DA:26,29
DA:40,23
DA:49,15
DA:64,2
LF:12
LH:12
BRDA:10,0,0,4
BRDA:10,0,1,52
BRDA:10,1,0,56
BRDA:10,1,1,47
BRDA:19,2,0,4
BRDA:19,2,1,4
BRDA:25,3,0,29
BRDA:25,3,1,23
BRDA:25,4,0,52
BRDA:25,4,1,43
BRDA:25,4,2,43
BRDA:35,5,0,29
BRDA:35,5,1,29
BRDA:45,6,0,9
BRDA:45,6,1,14
BRDA:54,7,0,23
BRDA:54,7,1,14
BRDA:54,7,2,13
BRF:18
BRH:18
end_of_record
TN:
SF:src\components\organisms\SearchBar\SearchBar.tsx
FN:5,(anonymous_6)
FN:8,(anonymous_7)
FN:15,(anonymous_8)
FN:21,(anonymous_9)
FN:59,(anonymous_10)
FNF:5
FNH:5
FNDA:92,(anonymous_6)
FNDA:9,(anonymous_7)
FNDA:92,(anonymous_8)
FNDA:4,(anonymous_9)
FNDA:37,(anonymous_10)
DA:1,2
DA:3,2
DA:5,2
DA:6,92
DA:8,92
DA:9,9
DA:10,9
DA:11,8
DA:15,92
DA:16,92
DA:21,92
DA:22,4
DA:25,92
DA:59,37
DA:70,2
LF:15
LH:15
BRDA:10,0,0,8
BRDA:10,0,1,1
BRDA:16,1,0,79
BRDA:16,1,1,13
BRF:4
BRH:4
end_of_record
TN:
SF:src\hooks\index.ts
FN:1,(anonymous_0)
FN:4,(anonymous_1)
FN:7,(anonymous_2)
FNF:3
FNH:3
FNDA:41,(anonymous_0)
FNDA:20,(anonymous_1)
FNDA:20,(anonymous_2)
DA:1,44
DA:4,23
DA:7,23
LF:3
LH:3
BRF:0
BRH:0
end_of_record
TN:
SF:src\hooks\useMovieDetail.ts
FN:11,(anonymous_0)
FN:16,(anonymous_1)
FN:17,(anonymous_2)
FNF:3
FNH:3
FNDA:35,(anonymous_0)
FNDA:17,(anonymous_1)
FNDA:17,(anonymous_2)
DA:1,4
DA:2,4
DA:11,4
DA:12,35
DA:13,35
DA:14,35
DA:16,35
DA:17,17
DA:18,17
DA:19,1
DA:20,1
DA:21,1
DA:24,16
DA:25,16
DA:26,16
DA:27,16
DA:28,11
DA:30,5
DA:32,16
DA:36,17
DA:39,35
DA:46,4
LF:22
LH:22
BRDA:18,0,0,1
BRDA:18,0,1,16
BRDA:30,1,0,5
BRDA:30,1,1,3
BRDA:30,1,2,1
BRF:5
BRH:5
end_of_record
TN:
SF:src\hooks\usePersonDetail.ts
FN:11,(anonymous_0)
FN:16,(anonymous_1)
FN:17,(anonymous_2)
FNF:3
FNH:3
FNDA:35,(anonymous_0)
FNDA:17,(anonymous_1)
FNDA:17,(anonymous_2)
DA:1,4
DA:2,4
DA:11,4
DA:12,35
DA:13,35
DA:14,35
DA:16,35
DA:17,17
DA:18,17
DA:19,1
DA:20,1
DA:21,1
DA:24,16
DA:25,16
DA:26,16
DA:27,16
DA:28,11
DA:30,5
DA:32,16
DA:36,17
DA:39,35
DA:46,4
LF:22
LH:22
BRDA:18,0,0,1
BRDA:18,0,1,16
BRDA:30,1,0,5
BRDA:30,1,1,3
BRDA:30,1,2,1
BRF:5
BRH:5
end_of_record
TN:
SF:src\hooks\useSearch.ts
FN:16,(anonymous_0)
FN:24,(anonymous_1)
FN:53,(anonymous_2)
FN:58,(anonymous_3)
FNF:4
FNH:4
FNDA:73,(anonymous_0)
FNDA:13,(anonymous_1)
FNDA:25,(anonymous_2)
FNDA:2,(anonymous_3)
DA:1,4
DA:2,4
DA:16,4
DA:17,73
DA:18,73
DA:19,73
DA:20,73
DA:21,73
DA:24,73
DA:25,13
DA:26,13
DA:27,13
DA:29,13
DA:32,13
DA:34,11
DA:35,9
DA:37,2
DA:38,2
DA:40,0
DA:43,11
DA:45,2
DA:46,2
DA:48,13
DA:53,73
DA:54,25
DA:58,73
DA:59,2
DA:60,2
DA:61,2
DA:64,73
DA:76,4
LF:31
LH:30
BRDA:32,0,0,11
BRDA:32,0,1,2
BRDA:32,0,2,0
BRF:3
BRH:2
end_of_record
TN:
SF:src\pages\MovieDetailPage\MovieDetailPage.tsx
FN:9,(anonymous_1)
FN:37,(anonymous_2)
FNF:2
FNH:2
FNDA:20,(anonymous_1)
FNDA:8,(anonymous_2)
DA:1,1
DA:2,1
DA:3,1
DA:4,1
DA:5,1
DA:6,1
DA:9,1
DA:10,20
DA:11,20
DA:13,20
DA:14,2
DA:21,18
DA:23,18
DA:38,8
DA:57,1
LF:15
LH:15
BRDA:13,0,0,2
BRDA:13,0,1,18
BRDA:25,1,0,10
BRDA:25,1,1,8
BRDA:36,2,0,8
BRDA:36,2,1,8
BRDA:36,2,2,8
BRDA:40,3,0,8
BRDA:40,3,1,0
BRF:9
BRH:8
end_of_record
TN:
SF:src\pages\PeopleDetailPage\PeopleDetailPage.tsx
FN:9,(anonymous_1)
FN:42,(anonymous_2)
FNF:2
FNH:2
FNDA:20,(anonymous_1)
FNDA:8,(anonymous_2)
DA:1,1
DA:2,1
DA:3,1
DA:4,1
DA:5,1
DA:6,1
DA:9,1
DA:10,20
DA:11,20
DA:13,20
DA:14,2
DA:21,18
DA:23,18
DA:43,8
DA:62,1
LF:15
LH:15
BRDA:13,0,0,2
BRDA:13,0,1,18
BRDA:25,1,0,10
BRDA:25,1,1,8
BRDA:41,2,0,8
BRDA:41,2,1,8
BRDA:41,2,2,8
BRDA:45,3,0,8
BRDA:45,3,1,0
BRF:9
BRH:8
end_of_record
TN:
SF:src\pages\SearchPage\SearchPage.tsx
FN:8,(anonymous_1)
FNF:1
FNH:1
FNDA:41,(anonymous_1)
DA:1,1
DA:2,1
DA:3,1
DA:4,1
DA:5,1
DA:8,1
DA:18,41
DA:20,41
DA:39,1
LF:9
LH:9
BRDA:21,0,0,16
BRDA:21,0,1,25
BRF:2
BRH:2
end_of_record
